[2.641s] Invoking command in '/home/awshae/exam_ws/src/exam_pkg': PYTHONPATH=/home/awshae/exam_ws/build/exam_pkg/prefix_override:/usr/lib/python3/dist-packages/colcon_core/task/python/colcon_distutils_commands:/home/awshae/exam_ws/install/exam_pkg/lib/python3.10/site-packages:${PYTHONPATH} /usr/bin/python3 -W ignore:setup.py install is deprecated -W ignore:easy_install command is deprecated setup.py egg_info --egg-base ../../build/exam_pkg build --build-base /home/awshae/exam_ws/build/exam_pkg/build install --record /home/awshae/exam_ws/build/exam_pkg/install.log --single-version-externally-managed install_data
[3.701s] running egg_info
[3.703s] writing ../../build/exam_pkg/exam_pkg.egg-info/PKG-INFO
[3.704s] writing dependency_links to ../../build/exam_pkg/exam_pkg.egg-info/dependency_links.txt
[3.705s] writing entry points to ../../build/exam_pkg/exam_pkg.egg-info/entry_points.txt
[3.706s] writing requirements to ../../build/exam_pkg/exam_pkg.egg-info/requires.txt
[3.707s] writing top-level names to ../../build/exam_pkg/exam_pkg.egg-info/top_level.txt
[3.718s] reading manifest file '../../build/exam_pkg/exam_pkg.egg-info/SOURCES.txt'
[3.722s] writing manifest file '../../build/exam_pkg/exam_pkg.egg-info/SOURCES.txt'
[3.723s] running build
[3.724s] running build_py
[3.724s] copying exam_pkg/multi_pub.py -> /home/awshae/exam_ws/build/exam_pkg/build/lib/exam_pkg
[3.727s] running install
[3.728s] running install_lib
[3.732s] copying /home/awshae/exam_ws/build/exam_pkg/build/lib/exam_pkg/multi_pub.py -> /home/awshae/exam_ws/install/exam_pkg/lib/python3.10/site-packages/exam_pkg
[3.736s] byte-compiling /home/awshae/exam_ws/install/exam_pkg/lib/python3.10/site-packages/exam_pkg/multi_pub.py to multi_pub.cpython-310.pyc
[3.739s] running install_data
[3.740s] running install_egg_info
[3.752s] removing '/home/awshae/exam_ws/install/exam_pkg/lib/python3.10/site-packages/exam_pkg-0.0.0-py3.10.egg-info' (and everything under it)
[3.755s] Copying ../../build/exam_pkg/exam_pkg.egg-info to /home/awshae/exam_ws/install/exam_pkg/lib/python3.10/site-packages/exam_pkg-0.0.0-py3.10.egg-info
[3.759s] running install_scripts
[3.846s] Installing exam_publisher script to /home/awshae/exam_ws/install/exam_pkg/lib/exam_pkg
[3.847s] Installing exam_subscriber script to /home/awshae/exam_ws/install/exam_pkg/lib/exam_pkg
[3.848s] Installing first script to /home/awshae/exam_ws/install/exam_pkg/lib/exam_pkg
[3.849s] Installing hi_node script to /home/awshae/exam_ws/install/exam_pkg/lib/exam_pkg
[3.850s] Installing multi_pub script to /home/awshae/exam_ws/install/exam_pkg/lib/exam_pkg
[3.852s] writing list of installed files to '/home/awshae/exam_ws/build/exam_pkg/install.log'
[3.953s] Invoked command in '/home/awshae/exam_ws/src/exam_pkg' returned '0': PYTHONPATH=/home/awshae/exam_ws/build/exam_pkg/prefix_override:/usr/lib/python3/dist-packages/colcon_core/task/python/colcon_distutils_commands:/home/awshae/exam_ws/install/exam_pkg/lib/python3.10/site-packages:${PYTHONPATH} /usr/bin/python3 -W ignore:setup.py install is deprecated -W ignore:easy_install command is deprecated setup.py egg_info --egg-base ../../build/exam_pkg build --build-base /home/awshae/exam_ws/build/exam_pkg/build install --record /home/awshae/exam_ws/build/exam_pkg/install.log --single-version-externally-managed install_data
