running egg_info
creating ../../build/exam_pkg/exam_pkg.egg-info
writing ../../build/exam_pkg/exam_pkg.egg-info/PKG-INFO
writing dependency_links to ../../build/exam_pkg/exam_pkg.egg-info/dependency_links.txt
writing entry points to ../../build/exam_pkg/exam_pkg.egg-info/entry_points.txt
writing requirements to ../../build/exam_pkg/exam_pkg.egg-info/requires.txt
writing top-level names to ../../build/exam_pkg/exam_pkg.egg-info/top_level.txt
writing manifest file '../../build/exam_pkg/exam_pkg.egg-info/SOURCES.txt'
reading manifest file '../../build/exam_pkg/exam_pkg.egg-info/SOURCES.txt'
writing manifest file '../../build/exam_pkg/exam_pkg.egg-info/SOURCES.txt'
running build
running build_py
creating /home/awshae/exam_ws/build/exam_pkg/build
creating /home/awshae/exam_ws/build/exam_pkg/build/lib
creating /home/awshae/exam_ws/build/exam_pkg/build/lib/exam_pkg
copying exam_pkg/__init__.py -> /home/awshae/exam_ws/build/exam_pkg/build/lib/exam_pkg
running install
running install_lib
creating /home/awshae/exam_ws/install/exam_pkg/lib/python3.10/site-packages/exam_pkg
copying /home/awshae/exam_ws/build/exam_pkg/build/lib/exam_pkg/__init__.py -> /home/awshae/exam_ws/install/exam_pkg/lib/python3.10/site-packages/exam_pkg
byte-compiling /home/awshae/exam_ws/install/exam_pkg/lib/python3.10/site-packages/exam_pkg/__init__.py to __init__.cpython-310.pyc
running install_data
creating /home/awshae/exam_ws/install/exam_pkg/share/ament_index
creating /home/awshae/exam_ws/install/exam_pkg/share/ament_index/resource_index
creating /home/awshae/exam_ws/install/exam_pkg/share/ament_index/resource_index/packages
copying resource/exam_pkg -> /home/awshae/exam_ws/install/exam_pkg/share/ament_index/resource_index/packages
copying package.xml -> /home/awshae/exam_ws/install/exam_pkg/share/exam_pkg
running install_egg_info
Copying ../../build/exam_pkg/exam_pkg.egg-info to /home/awshae/exam_ws/install/exam_pkg/lib/python3.10/site-packages/exam_pkg-0.0.0-py3.10.egg-info
running install_scripts
writing list of installed files to '/home/awshae/exam_ws/build/exam_pkg/install.log'
