[3.041s] Invoking command in '/home/awshae/exam_ws/src/exam_pkg': PYTHONPATH=/home/awshae/exam_ws/build/exam_pkg/prefix_override:/usr/lib/python3/dist-packages/colcon_core/task/python/colcon_distutils_commands:/home/awshae/exam_ws/install/exam_pkg/lib/python3.10/site-packages:${PYTHONPATH} /usr/bin/python3 -W ignore:setup.py install is deprecated -W ignore:easy_install command is deprecated setup.py egg_info --egg-base ../../build/exam_pkg build --build-base /home/awshae/exam_ws/build/exam_pkg/build install --record /home/awshae/exam_ws/build/exam_pkg/install.log --single-version-externally-managed install_data
[4.319s] running egg_info
[4.321s] creating ../../build/exam_pkg/exam_pkg.egg-info
[4.322s] writing ../../build/exam_pkg/exam_pkg.egg-info/PKG-INFO
[4.323s] writing dependency_links to ../../build/exam_pkg/exam_pkg.egg-info/dependency_links.txt
[4.324s] writing entry points to ../../build/exam_pkg/exam_pkg.egg-info/entry_points.txt
[4.325s] writing requirements to ../../build/exam_pkg/exam_pkg.egg-info/requires.txt
[4.326s] writing top-level names to ../../build/exam_pkg/exam_pkg.egg-info/top_level.txt
[4.327s] writing manifest file '../../build/exam_pkg/exam_pkg.egg-info/SOURCES.txt'
[4.334s] reading manifest file '../../build/exam_pkg/exam_pkg.egg-info/SOURCES.txt'
[4.337s] writing manifest file '../../build/exam_pkg/exam_pkg.egg-info/SOURCES.txt'
[4.338s] running build
[4.339s] running build_py
[4.339s] creating /home/awshae/exam_ws/build/exam_pkg/build
[4.340s] creating /home/awshae/exam_ws/build/exam_pkg/build/lib
[4.341s] creating /home/awshae/exam_ws/build/exam_pkg/build/lib/exam_pkg
[4.341s] copying exam_pkg/__init__.py -> /home/awshae/exam_ws/build/exam_pkg/build/lib/exam_pkg
[4.342s] running install
[4.343s] running install_lib
[4.346s] creating /home/awshae/exam_ws/install/exam_pkg/lib/python3.10/site-packages/exam_pkg
[4.347s] copying /home/awshae/exam_ws/build/exam_pkg/build/lib/exam_pkg/__init__.py -> /home/awshae/exam_ws/install/exam_pkg/lib/python3.10/site-packages/exam_pkg
[4.349s] byte-compiling /home/awshae/exam_ws/install/exam_pkg/lib/python3.10/site-packages/exam_pkg/__init__.py to __init__.cpython-310.pyc
[4.350s] running install_data
[4.350s] creating /home/awshae/exam_ws/install/exam_pkg/share/ament_index
[4.351s] creating /home/awshae/exam_ws/install/exam_pkg/share/ament_index/resource_index
[4.352s] creating /home/awshae/exam_ws/install/exam_pkg/share/ament_index/resource_index/packages
[4.352s] copying resource/exam_pkg -> /home/awshae/exam_ws/install/exam_pkg/share/ament_index/resource_index/packages
[4.353s] copying package.xml -> /home/awshae/exam_ws/install/exam_pkg/share/exam_pkg
[4.353s] running install_egg_info
[4.367s] Copying ../../build/exam_pkg/exam_pkg.egg-info to /home/awshae/exam_ws/install/exam_pkg/lib/python3.10/site-packages/exam_pkg-0.0.0-py3.10.egg-info
[4.376s] running install_scripts
[4.482s] writing list of installed files to '/home/awshae/exam_ws/build/exam_pkg/install.log'
[4.598s] Invoked command in '/home/awshae/exam_ws/src/exam_pkg' returned '0': PYTHONPATH=/home/awshae/exam_ws/build/exam_pkg/prefix_override:/usr/lib/python3/dist-packages/colcon_core/task/python/colcon_distutils_commands:/home/awshae/exam_ws/install/exam_pkg/lib/python3.10/site-packages:${PYTHONPATH} /usr/bin/python3 -W ignore:setup.py install is deprecated -W ignore:easy_install command is deprecated setup.py egg_info --egg-base ../../build/exam_pkg build --build-base /home/awshae/exam_ws/build/exam_pkg/build install --record /home/awshae/exam_ws/build/exam_pkg/install.log --single-version-externally-managed install_data
