[2.976s] Invoking command in '/home/awshae/exam_ws/src/exam_pkg': PYTHONPATH=/home/awshae/exam_ws/build/exam_pkg/prefix_override:/usr/lib/python3/dist-packages/colcon_core/task/python/colcon_distutils_commands:/home/awshae/exam_ws/install/exam_pkg/lib/python3.10/site-packages:${PYTHONPATH} /usr/bin/python3 -W ignore:setup.py install is deprecated -W ignore:easy_install command is deprecated setup.py egg_info --egg-base ../../build/exam_pkg build --build-base /home/awshae/exam_ws/build/exam_pkg/build install --record /home/awshae/exam_ws/build/exam_pkg/install.log --single-version-externally-managed install_data
[4.149s] running egg_info
[4.152s] writing ../../build/exam_pkg/exam_pkg.egg-info/PKG-INFO
[4.153s] writing dependency_links to ../../build/exam_pkg/exam_pkg.egg-info/dependency_links.txt
[4.154s] writing entry points to ../../build/exam_pkg/exam_pkg.egg-info/entry_points.txt
[4.155s] writing requirements to ../../build/exam_pkg/exam_pkg.egg-info/requires.txt
[4.155s] writing top-level names to ../../build/exam_pkg/exam_pkg.egg-info/top_level.txt
[4.165s] reading manifest file '../../build/exam_pkg/exam_pkg.egg-info/SOURCES.txt'
[4.169s] writing manifest file '../../build/exam_pkg/exam_pkg.egg-info/SOURCES.txt'
[4.172s] running build
[4.173s] running build_py
[4.174s] copying exam_pkg/exam_publisher.py -> /home/awshae/exam_ws/build/exam_pkg/build/lib/exam_pkg
[4.175s] running install
[4.176s] running install_lib
[4.180s] copying /home/awshae/exam_ws/build/exam_pkg/build/lib/exam_pkg/exam_publisher.py -> /home/awshae/exam_ws/install/exam_pkg/lib/python3.10/site-packages/exam_pkg
[4.183s] byte-compiling /home/awshae/exam_ws/install/exam_pkg/lib/python3.10/site-packages/exam_pkg/exam_publisher.py to exam_publisher.cpython-310.pyc
[4.187s] running install_data
[4.187s] running install_egg_info
[4.202s] removing '/home/awshae/exam_ws/install/exam_pkg/lib/python3.10/site-packages/exam_pkg-0.0.0-py3.10.egg-info' (and everything under it)
[4.204s] Copying ../../build/exam_pkg/exam_pkg.egg-info to /home/awshae/exam_ws/install/exam_pkg/lib/python3.10/site-packages/exam_pkg-0.0.0-py3.10.egg-info
[4.209s] running install_scripts
[4.306s] Installing exam_publisher script to /home/awshae/exam_ws/install/exam_pkg/lib/exam_pkg
[4.307s] Installing simple script to /home/awshae/exam_ws/install/exam_pkg/lib/exam_pkg
[4.309s] writing list of installed files to '/home/awshae/exam_ws/build/exam_pkg/install.log'
[4.409s] Invoked command in '/home/awshae/exam_ws/src/exam_pkg' returned '0': PYTHONPATH=/home/awshae/exam_ws/build/exam_pkg/prefix_override:/usr/lib/python3/dist-packages/colcon_core/task/python/colcon_distutils_commands:/home/awshae/exam_ws/install/exam_pkg/lib/python3.10/site-packages:${PYTHONPATH} /usr/bin/python3 -W ignore:setup.py install is deprecated -W ignore:easy_install command is deprecated setup.py egg_info --egg-base ../../build/exam_pkg build --build-base /home/awshae/exam_ws/build/exam_pkg/build install --record /home/awshae/exam_ws/build/exam_pkg/install.log --single-version-externally-managed install_data
