[2.797s] Invoking command in '/home/awshae/exam_ws/src/exam_pkg': PYTHONPATH=/home/awshae/exam_ws/build/exam_pkg/prefix_override:/usr/lib/python3/dist-packages/colcon_core/task/python/colcon_distutils_commands:/home/awshae/exam_ws/install/exam_pkg/lib/python3.10/site-packages:${PYTHONPATH} /usr/bin/python3 -W ignore:setup.py install is deprecated -W ignore:easy_install command is deprecated setup.py egg_info --egg-base ../../build/exam_pkg build --build-base /home/awshae/exam_ws/build/exam_pkg/build install --record /home/awshae/exam_ws/build/exam_pkg/install.log --single-version-externally-managed install_data
[3.919s] running egg_info
[3.921s] writing ../../build/exam_pkg/exam_pkg.egg-info/PKG-INFO
[3.922s] writing dependency_links to ../../build/exam_pkg/exam_pkg.egg-info/dependency_links.txt
[3.923s] writing entry points to ../../build/exam_pkg/exam_pkg.egg-info/entry_points.txt
[3.924s] writing requirements to ../../build/exam_pkg/exam_pkg.egg-info/requires.txt
[3.925s] writing top-level names to ../../build/exam_pkg/exam_pkg.egg-info/top_level.txt
[3.932s] reading manifest file '../../build/exam_pkg/exam_pkg.egg-info/SOURCES.txt'
[3.936s] writing manifest file '../../build/exam_pkg/exam_pkg.egg-info/SOURCES.txt'
[3.936s] running build
[3.937s] running build_py
[3.938s] copying exam_pkg/exam_publisher.py -> /home/awshae/exam_ws/build/exam_pkg/build/lib/exam_pkg
[3.938s] running install
[3.940s] running install_lib
[3.944s] copying /home/awshae/exam_ws/build/exam_pkg/build/lib/exam_pkg/exam_publisher.py -> /home/awshae/exam_ws/install/exam_pkg/lib/python3.10/site-packages/exam_pkg
[3.946s] byte-compiling /home/awshae/exam_ws/install/exam_pkg/lib/python3.10/site-packages/exam_pkg/exam_publisher.py to exam_publisher.cpython-310.pyc
[3.948s] running install_data
[3.949s] running install_egg_info
[3.964s] removing '/home/awshae/exam_ws/install/exam_pkg/lib/python3.10/site-packages/exam_pkg-0.0.0-py3.10.egg-info' (and everything under it)
[3.968s] Copying ../../build/exam_pkg/exam_pkg.egg-info to /home/awshae/exam_ws/install/exam_pkg/lib/python3.10/site-packages/exam_pkg-0.0.0-py3.10.egg-info
[3.971s] running install_scripts
[4.066s] Installing exam_publisher script to /home/awshae/exam_ws/install/exam_pkg/lib/exam_pkg
[4.067s] Installing simple script to /home/awshae/exam_ws/install/exam_pkg/lib/exam_pkg
[4.069s] writing list of installed files to '/home/awshae/exam_ws/build/exam_pkg/install.log'
[4.180s] Invoked command in '/home/awshae/exam_ws/src/exam_pkg' returned '0': PYTHONPATH=/home/awshae/exam_ws/build/exam_pkg/prefix_override:/usr/lib/python3/dist-packages/colcon_core/task/python/colcon_distutils_commands:/home/awshae/exam_ws/install/exam_pkg/lib/python3.10/site-packages:${PYTHONPATH} /usr/bin/python3 -W ignore:setup.py install is deprecated -W ignore:easy_install command is deprecated setup.py egg_info --egg-base ../../build/exam_pkg build --build-base /home/awshae/exam_ws/build/exam_pkg/build install --record /home/awshae/exam_ws/build/exam_pkg/install.log --single-version-externally-managed install_data
