[4.117s] Invoking command in '/home/awshae/exam_ws/src/exam_pkg': PYTHONPATH=/home/awshae/exam_ws/build/exam_pkg/prefix_override:/usr/lib/python3/dist-packages/colcon_core/task/python/colcon_distutils_commands:/home/awshae/exam_ws/install/exam_pkg/lib/python3.10/site-packages:${PYTHONPATH} /usr/bin/python3 -W ignore:setup.py install is deprecated -W ignore:easy_install command is deprecated setup.py egg_info --egg-base ../../build/exam_pkg build --build-base /home/awshae/exam_ws/build/exam_pkg/build install --record /home/awshae/exam_ws/build/exam_pkg/install.log --single-version-externally-managed install_data
[5.760s] running egg_info
[5.768s] writing ../../build/exam_pkg/exam_pkg.egg-info/PKG-INFO
[5.768s] writing dependency_links to ../../build/exam_pkg/exam_pkg.egg-info/dependency_links.txt
[5.769s] writing entry points to ../../build/exam_pkg/exam_pkg.egg-info/entry_points.txt
[5.775s] writing requirements to ../../build/exam_pkg/exam_pkg.egg-info/requires.txt
[5.776s] writing top-level names to ../../build/exam_pkg/exam_pkg.egg-info/top_level.txt
[5.780s] reading manifest file '../../build/exam_pkg/exam_pkg.egg-info/SOURCES.txt'
[5.786s] writing manifest file '../../build/exam_pkg/exam_pkg.egg-info/SOURCES.txt'
[5.789s] running build
[5.791s] running build_py
[5.793s] copying exam_pkg/tesing_publisher.py -> /home/awshae/exam_ws/build/exam_pkg/build/lib/exam_pkg
[5.793s] running install
[5.794s] running install_lib
[5.805s] copying /home/awshae/exam_ws/build/exam_pkg/build/lib/exam_pkg/tesing_publisher.py -> /home/awshae/exam_ws/install/exam_pkg/lib/python3.10/site-packages/exam_pkg
[5.805s] byte-compiling /home/awshae/exam_ws/install/exam_pkg/lib/python3.10/site-packages/exam_pkg/tesing_publisher.py to tesing_publisher.cpython-310.pyc
[5.809s] running install_data
[5.810s] running install_egg_info
[5.828s] removing '/home/awshae/exam_ws/install/exam_pkg/lib/python3.10/site-packages/exam_pkg-0.0.0-py3.10.egg-info' (and everything under it)
[5.829s] Copying ../../build/exam_pkg/exam_pkg.egg-info to /home/awshae/exam_ws/install/exam_pkg/lib/python3.10/site-packages/exam_pkg-0.0.0-py3.10.egg-info
[5.832s] running install_scripts
[5.977s] Installing exam_publisher script to /home/awshae/exam_ws/install/exam_pkg/lib/exam_pkg
[5.984s] Installing tesing_publisher script to /home/awshae/exam_ws/install/exam_pkg/lib/exam_pkg
[5.985s] writing list of installed files to '/home/awshae/exam_ws/build/exam_pkg/install.log'
[6.140s] Invoked command in '/home/awshae/exam_ws/src/exam_pkg' returned '0': PYTHONPATH=/home/awshae/exam_ws/build/exam_pkg/prefix_override:/usr/lib/python3/dist-packages/colcon_core/task/python/colcon_distutils_commands:/home/awshae/exam_ws/install/exam_pkg/lib/python3.10/site-packages:${PYTHONPATH} /usr/bin/python3 -W ignore:setup.py install is deprecated -W ignore:easy_install command is deprecated setup.py egg_info --egg-base ../../build/exam_pkg build --build-base /home/awshae/exam_ws/build/exam_pkg/build install --record /home/awshae/exam_ws/build/exam_pkg/install.log --single-version-externally-managed install_data
