[2.728s] Invoking command in '/home/awshae/exam_ws/src/exam_pkg': PYTHONPATH=/home/awshae/exam_ws/build/exam_pkg/prefix_override:/usr/lib/python3/dist-packages/colcon_core/task/python/colcon_distutils_commands:/home/awshae/exam_ws/install/exam_pkg/lib/python3.10/site-packages:${PYTHONPATH} /usr/bin/python3 -W ignore:setup.py install is deprecated -W ignore:easy_install command is deprecated setup.py egg_info --egg-base ../../build/exam_pkg build --build-base /home/awshae/exam_ws/build/exam_pkg/build install --record /home/awshae/exam_ws/build/exam_pkg/install.log --single-version-externally-managed install_data
[3.836s] running egg_info
[3.840s] writing ../../build/exam_pkg/exam_pkg.egg-info/PKG-INFO
[3.841s] writing dependency_links to ../../build/exam_pkg/exam_pkg.egg-info/dependency_links.txt
[3.842s] writing entry points to ../../build/exam_pkg/exam_pkg.egg-info/entry_points.txt
[3.842s] writing requirements to ../../build/exam_pkg/exam_pkg.egg-info/requires.txt
[3.843s] writing top-level names to ../../build/exam_pkg/exam_pkg.egg-info/top_level.txt
[3.851s] reading manifest file '../../build/exam_pkg/exam_pkg.egg-info/SOURCES.txt'
[3.855s] writing manifest file '../../build/exam_pkg/exam_pkg.egg-info/SOURCES.txt'
[3.856s] running build
[3.856s] running build_py
[3.859s] running install
[3.861s] running install_lib
[3.872s] running install_data
[3.872s] running install_egg_info
[3.884s] removing '/home/awshae/exam_ws/install/exam_pkg/lib/python3.10/site-packages/exam_pkg-0.0.0-py3.10.egg-info' (and everything under it)
[3.885s] Copying ../../build/exam_pkg/exam_pkg.egg-info to /home/awshae/exam_ws/install/exam_pkg/lib/python3.10/site-packages/exam_pkg-0.0.0-py3.10.egg-info
[3.891s] running install_scripts
[3.977s] Installing exam_publisher script to /home/awshae/exam_ws/install/exam_pkg/lib/exam_pkg
[3.978s] Installing exam_subscriber script to /home/awshae/exam_ws/install/exam_pkg/lib/exam_pkg
[3.978s] Installing first script to /home/awshae/exam_ws/install/exam_pkg/lib/exam_pkg
[3.979s] Installing hi_node script to /home/awshae/exam_ws/install/exam_pkg/lib/exam_pkg
[3.981s] writing list of installed files to '/home/awshae/exam_ws/build/exam_pkg/install.log'
[4.079s] Invoked command in '/home/awshae/exam_ws/src/exam_pkg' returned '0': PYTHONPATH=/home/awshae/exam_ws/build/exam_pkg/prefix_override:/usr/lib/python3/dist-packages/colcon_core/task/python/colcon_distutils_commands:/home/awshae/exam_ws/install/exam_pkg/lib/python3.10/site-packages:${PYTHONPATH} /usr/bin/python3 -W ignore:setup.py install is deprecated -W ignore:easy_install command is deprecated setup.py egg_info --egg-base ../../build/exam_pkg build --build-base /home/awshae/exam_ws/build/exam_pkg/build install --record /home/awshae/exam_ws/build/exam_pkg/install.log --single-version-externally-managed install_data
