[3.027s] Invoking command in '/home/awshae/exam_ws/src/exam_pkg': PYTHONPATH=/home/awshae/exam_ws/build/exam_pkg/prefix_override:/usr/lib/python3/dist-packages/colcon_core/task/python/colcon_distutils_commands:/home/awshae/exam_ws/install/exam_pkg/lib/python3.10/site-packages:${PYTHONPATH} /usr/bin/python3 -W ignore:setup.py install is deprecated -W ignore:easy_install command is deprecated setup.py egg_info --egg-base ../../build/exam_pkg build --build-base /home/awshae/exam_ws/build/exam_pkg/build install --record /home/awshae/exam_ws/build/exam_pkg/install.log --single-version-externally-managed install_data
[4.237s] running egg_info
[4.242s] writing ../../build/exam_pkg/exam_pkg.egg-info/PKG-INFO
[4.244s] writing dependency_links to ../../build/exam_pkg/exam_pkg.egg-info/dependency_links.txt
[4.245s] writing entry points to ../../build/exam_pkg/exam_pkg.egg-info/entry_points.txt
[4.246s] writing requirements to ../../build/exam_pkg/exam_pkg.egg-info/requires.txt
[4.246s] writing top-level names to ../../build/exam_pkg/exam_pkg.egg-info/top_level.txt
[4.255s] reading manifest file '../../build/exam_pkg/exam_pkg.egg-info/SOURCES.txt'
[4.260s] writing manifest file '../../build/exam_pkg/exam_pkg.egg-info/SOURCES.txt'
[4.261s] running build
[4.263s] running build_py
[4.263s] copying exam_pkg/tesing_publisher.py -> /home/awshae/exam_ws/build/exam_pkg/build/lib/exam_pkg
[4.265s] running install
[4.267s] running install_lib
[4.275s] copying /home/awshae/exam_ws/build/exam_pkg/build/lib/exam_pkg/tesing_publisher.py -> /home/awshae/exam_ws/install/exam_pkg/lib/python3.10/site-packages/exam_pkg
[4.282s] byte-compiling /home/awshae/exam_ws/install/exam_pkg/lib/python3.10/site-packages/exam_pkg/tesing_publisher.py to tesing_publisher.cpython-310.pyc
[4.286s] running install_data
[4.287s] running install_egg_info
[4.301s] removing '/home/awshae/exam_ws/install/exam_pkg/lib/python3.10/site-packages/exam_pkg-0.0.0-py3.10.egg-info' (and everything under it)
[4.303s] Copying ../../build/exam_pkg/exam_pkg.egg-info to /home/awshae/exam_ws/install/exam_pkg/lib/python3.10/site-packages/exam_pkg-0.0.0-py3.10.egg-info
[4.308s] running install_scripts
[4.432s] Installing exam_publisher script to /home/awshae/exam_ws/install/exam_pkg/lib/exam_pkg
[4.433s] Installing tesing_publisher script to /home/awshae/exam_ws/install/exam_pkg/lib/exam_pkg
[4.435s] writing list of installed files to '/home/awshae/exam_ws/build/exam_pkg/install.log'
[4.555s] Invoked command in '/home/awshae/exam_ws/src/exam_pkg' returned '0': PYTHONPATH=/home/awshae/exam_ws/build/exam_pkg/prefix_override:/usr/lib/python3/dist-packages/colcon_core/task/python/colcon_distutils_commands:/home/awshae/exam_ws/install/exam_pkg/lib/python3.10/site-packages:${PYTHONPATH} /usr/bin/python3 -W ignore:setup.py install is deprecated -W ignore:easy_install command is deprecated setup.py egg_info --egg-base ../../build/exam_pkg build --build-base /home/awshae/exam_ws/build/exam_pkg/build install --record /home/awshae/exam_ws/build/exam_pkg/install.log --single-version-externally-managed install_data
