/home/awshae/exam_ws/install/exam_pkg/lib/python3.10/site-packages/exam_pkg/hi_node.py
/home/awshae/exam_ws/install/exam_pkg/lib/python3.10/site-packages/exam_pkg/multi_pub.py
/home/awshae/exam_ws/install/exam_pkg/lib/python3.10/site-packages/exam_pkg/exam_subscriber.py
/home/awshae/exam_ws/install/exam_pkg/lib/python3.10/site-packages/exam_pkg/__init__.py
/home/awshae/exam_ws/install/exam_pkg/lib/python3.10/site-packages/exam_pkg/first.py
/home/awshae/exam_ws/install/exam_pkg/lib/python3.10/site-packages/exam_pkg/exam_publisher.py
/home/awshae/exam_ws/install/exam_pkg/lib/python3.10/site-packages/exam_pkg/__pycache__/hi_node.cpython-310.pyc
/home/awshae/exam_ws/install/exam_pkg/lib/python3.10/site-packages/exam_pkg/__pycache__/multi_pub.cpython-310.pyc
/home/awshae/exam_ws/install/exam_pkg/lib/python3.10/site-packages/exam_pkg/__pycache__/exam_subscriber.cpython-310.pyc
/home/awshae/exam_ws/install/exam_pkg/lib/python3.10/site-packages/exam_pkg/__pycache__/__init__.cpython-310.pyc
/home/awshae/exam_ws/install/exam_pkg/lib/python3.10/site-packages/exam_pkg/__pycache__/first.cpython-310.pyc
/home/awshae/exam_ws/install/exam_pkg/lib/python3.10/site-packages/exam_pkg/__pycache__/exam_publisher.cpython-310.pyc
/home/awshae/exam_ws/install/exam_pkg/share/ament_index/resource_index/packages/exam_pkg
/home/awshae/exam_ws/install/exam_pkg/share/exam_pkg/package.xml
/home/awshae/exam_ws/install/exam_pkg/lib/python3.10/site-packages/exam_pkg-0.0.0-py3.10.egg-info/SOURCES.txt
/home/awshae/exam_ws/install/exam_pkg/lib/python3.10/site-packages/exam_pkg-0.0.0-py3.10.egg-info/entry_points.txt
/home/awshae/exam_ws/install/exam_pkg/lib/python3.10/site-packages/exam_pkg-0.0.0-py3.10.egg-info/PKG-INFO
/home/awshae/exam_ws/install/exam_pkg/lib/python3.10/site-packages/exam_pkg-0.0.0-py3.10.egg-info/top_level.txt
/home/awshae/exam_ws/install/exam_pkg/lib/python3.10/site-packages/exam_pkg-0.0.0-py3.10.egg-info/requires.txt
/home/awshae/exam_ws/install/exam_pkg/lib/python3.10/site-packages/exam_pkg-0.0.0-py3.10.egg-info/dependency_links.txt
/home/awshae/exam_ws/install/exam_pkg/lib/python3.10/site-packages/exam_pkg-0.0.0-py3.10.egg-info/zip-safe
/home/awshae/exam_ws/install/exam_pkg/lib/exam_pkg/exam_publisher
/home/awshae/exam_ws/install/exam_pkg/lib/exam_pkg/exam_subscriber
/home/awshae/exam_ws/install/exam_pkg/lib/exam_pkg/first
/home/awshae/exam_ws/install/exam_pkg/lib/exam_pkg/hi_node
/home/awshae/exam_ws/install/exam_pkg/lib/exam_pkg/multi_pub
