[2.651s] Invoking command in '/home/awshae/exam_ws/src/exam_pkg': PYTHONPATH=/home/awshae/exam_ws/build/exam_pkg/prefix_override:/usr/lib/python3/dist-packages/colcon_core/task/python/colcon_distutils_commands:/home/awshae/exam_ws/install/exam_pkg/lib/python3.10/site-packages:${PYTHONPATH} /usr/bin/python3 -W ignore:setup.py install is deprecated -W ignore:easy_install command is deprecated setup.py egg_info --egg-base ../../build/exam_pkg build --build-base /home/awshae/exam_ws/build/exam_pkg/build install --record /home/awshae/exam_ws/build/exam_pkg/install.log --single-version-externally-managed install_data
[3.718s] running egg_info
[3.722s] writing ../../build/exam_pkg/exam_pkg.egg-info/PKG-INFO
[3.724s] writing dependency_links to ../../build/exam_pkg/exam_pkg.egg-info/dependency_links.txt
[3.725s] writing entry points to ../../build/exam_pkg/exam_pkg.egg-info/entry_points.txt
[3.726s] writing requirements to ../../build/exam_pkg/exam_pkg.egg-info/requires.txt
[3.726s] writing top-level names to ../../build/exam_pkg/exam_pkg.egg-info/top_level.txt
[3.737s] reading manifest file '../../build/exam_pkg/exam_pkg.egg-info/SOURCES.txt'
[3.742s] writing manifest file '../../build/exam_pkg/exam_pkg.egg-info/SOURCES.txt'
[3.742s] running build
[3.743s] running build_py
[3.744s] copying exam_pkg/multi_pub.py -> /home/awshae/exam_ws/build/exam_pkg/build/lib/exam_pkg
[3.746s] running install
[3.747s] running install_lib
[3.755s] copying /home/awshae/exam_ws/build/exam_pkg/build/lib/exam_pkg/multi_pub.py -> /home/awshae/exam_ws/install/exam_pkg/lib/python3.10/site-packages/exam_pkg
[3.758s] byte-compiling /home/awshae/exam_ws/install/exam_pkg/lib/python3.10/site-packages/exam_pkg/multi_pub.py to multi_pub.cpython-310.pyc
[3.760s] running install_data
[3.761s] running install_egg_info
[3.772s] removing '/home/awshae/exam_ws/install/exam_pkg/lib/python3.10/site-packages/exam_pkg-0.0.0-py3.10.egg-info' (and everything under it)
[3.773s] Copying ../../build/exam_pkg/exam_pkg.egg-info to /home/awshae/exam_ws/install/exam_pkg/lib/python3.10/site-packages/exam_pkg-0.0.0-py3.10.egg-info
[3.777s] running install_scripts
[3.864s] Installing exam_publisher script to /home/awshae/exam_ws/install/exam_pkg/lib/exam_pkg
[3.865s] Installing exam_subscriber script to /home/awshae/exam_ws/install/exam_pkg/lib/exam_pkg
[3.867s] Installing first script to /home/awshae/exam_ws/install/exam_pkg/lib/exam_pkg
[3.868s] Installing hi_node script to /home/awshae/exam_ws/install/exam_pkg/lib/exam_pkg
[3.869s] Installing multi_pub script to /home/awshae/exam_ws/install/exam_pkg/lib/exam_pkg
[3.869s] writing list of installed files to '/home/awshae/exam_ws/build/exam_pkg/install.log'
[3.966s] Invoked command in '/home/awshae/exam_ws/src/exam_pkg' returned '0': PYTHONPATH=/home/awshae/exam_ws/build/exam_pkg/prefix_override:/usr/lib/python3/dist-packages/colcon_core/task/python/colcon_distutils_commands:/home/awshae/exam_ws/install/exam_pkg/lib/python3.10/site-packages:${PYTHONPATH} /usr/bin/python3 -W ignore:setup.py install is deprecated -W ignore:easy_install command is deprecated setup.py egg_info --egg-base ../../build/exam_pkg build --build-base /home/awshae/exam_ws/build/exam_pkg/build install --record /home/awshae/exam_ws/build/exam_pkg/install.log --single-version-externally-managed install_data
