[3.063s] Invoking command in '/home/awshae/exam_ws/src/exam_pkg': PYTHONPATH=/home/awshae/exam_ws/build/exam_pkg/prefix_override:/usr/lib/python3/dist-packages/colcon_core/task/python/colcon_distutils_commands:/home/awshae/exam_ws/install/exam_pkg/lib/python3.10/site-packages:${PYTHONPATH} /usr/bin/python3 -W ignore:setup.py install is deprecated -W ignore:easy_install command is deprecated setup.py egg_info --egg-base ../../build/exam_pkg build --build-base /home/awshae/exam_ws/build/exam_pkg/build install --record /home/awshae/exam_ws/build/exam_pkg/install.log --single-version-externally-managed install_data
[4.315s] running egg_info
[4.320s] writing ../../build/exam_pkg/exam_pkg.egg-info/PKG-INFO
[4.321s] writing dependency_links to ../../build/exam_pkg/exam_pkg.egg-info/dependency_links.txt
[4.322s] writing entry points to ../../build/exam_pkg/exam_pkg.egg-info/entry_points.txt
[4.323s] writing requirements to ../../build/exam_pkg/exam_pkg.egg-info/requires.txt
[4.324s] writing top-level names to ../../build/exam_pkg/exam_pkg.egg-info/top_level.txt
[4.333s] reading manifest file '../../build/exam_pkg/exam_pkg.egg-info/SOURCES.txt'
[4.338s] writing manifest file '../../build/exam_pkg/exam_pkg.egg-info/SOURCES.txt'
[4.339s] running build
[4.340s] running build_py
[4.340s] copying exam_pkg/tesing_publisher.py -> /home/awshae/exam_ws/build/exam_pkg/build/lib/exam_pkg
[4.343s] running install
[4.345s] running install_lib
[4.350s] copying /home/awshae/exam_ws/build/exam_pkg/build/lib/exam_pkg/tesing_publisher.py -> /home/awshae/exam_ws/install/exam_pkg/lib/python3.10/site-packages/exam_pkg
[4.354s] byte-compiling /home/awshae/exam_ws/install/exam_pkg/lib/python3.10/site-packages/exam_pkg/tesing_publisher.py to tesing_publisher.cpython-310.pyc
[4.357s] running install_data
[4.358s] running install_egg_info
[4.375s] removing '/home/awshae/exam_ws/install/exam_pkg/lib/python3.10/site-packages/exam_pkg-0.0.0-py3.10.egg-info' (and everything under it)
[4.381s] Copying ../../build/exam_pkg/exam_pkg.egg-info to /home/awshae/exam_ws/install/exam_pkg/lib/python3.10/site-packages/exam_pkg-0.0.0-py3.10.egg-info
[4.384s] running install_scripts
[4.478s] Installing exam_publisher = exam_pkg.exam_publisher:maintesing_publisher script to /home/awshae/exam_ws/install/exam_pkg/lib/exam_pkg
[4.480s] writing list of installed files to '/home/awshae/exam_ws/build/exam_pkg/install.log'
[4.592s] Invoked command in '/home/awshae/exam_ws/src/exam_pkg' returned '0': PYTHONPATH=/home/awshae/exam_ws/build/exam_pkg/prefix_override:/usr/lib/python3/dist-packages/colcon_core/task/python/colcon_distutils_commands:/home/awshae/exam_ws/install/exam_pkg/lib/python3.10/site-packages:${PYTHONPATH} /usr/bin/python3 -W ignore:setup.py install is deprecated -W ignore:easy_install command is deprecated setup.py egg_info --egg-base ../../build/exam_pkg build --build-base /home/awshae/exam_ws/build/exam_pkg/build install --record /home/awshae/exam_ws/build/exam_pkg/install.log --single-version-externally-managed install_data
