running egg_info
writing ../../build/exam_pkg/exam_pkg.egg-info/PKG-INFO
writing dependency_links to ../../build/exam_pkg/exam_pkg.egg-info/dependency_links.txt
writing entry points to ../../build/exam_pkg/exam_pkg.egg-info/entry_points.txt
writing requirements to ../../build/exam_pkg/exam_pkg.egg-info/requires.txt
writing top-level names to ../../build/exam_pkg/exam_pkg.egg-info/top_level.txt
reading manifest file '../../build/exam_pkg/exam_pkg.egg-info/SOURCES.txt'
writing manifest file '../../build/exam_pkg/exam_pkg.egg-info/SOURCES.txt'
running build
running build_py
running install
running install_lib
running install_data
running install_egg_info
removing '/home/awshae/exam_ws/install/exam_pkg/lib/python3.10/site-packages/exam_pkg-0.0.0-py3.10.egg-info' (and everything under it)
Copying ../../build/exam_pkg/exam_pkg.egg-info to /home/awshae/exam_ws/install/exam_pkg/lib/python3.10/site-packages/exam_pkg-0.0.0-py3.10.egg-info
running install_scripts
Installing exam_publisher script to /home/awshae/exam_ws/install/exam_pkg/lib/exam_pkg
Installing simple script to /home/awshae/exam_ws/install/exam_pkg/lib/exam_pkg
writing list of installed files to '/home/awshae/exam_ws/build/exam_pkg/install.log'
