[6.455s] Invoking command in '/home/awshae/exam_ws/src/exam_pkg': PYTHONPATH=/home/awshae/exam_ws/build/exam_pkg/prefix_override:/usr/lib/python3/dist-packages/colcon_core/task/python/colcon_distutils_commands:/home/awshae/exam_ws/install/exam_pkg/lib/python3.10/site-packages:${PYTHONPATH} /usr/bin/python3 -W ignore:setup.py install is deprecated -W ignore:easy_install command is deprecated setup.py egg_info --egg-base ../../build/exam_pkg build --build-base /home/awshae/exam_ws/build/exam_pkg/build install --record /home/awshae/exam_ws/build/exam_pkg/install.log --single-version-externally-managed install_data
[9.391s] running egg_info
[9.395s] writing ../../build/exam_pkg/exam_pkg.egg-info/PKG-INFO
[9.397s] writing dependency_links to ../../build/exam_pkg/exam_pkg.egg-info/dependency_links.txt
[9.399s] writing entry points to ../../build/exam_pkg/exam_pkg.egg-info/entry_points.txt
[9.404s] writing requirements to ../../build/exam_pkg/exam_pkg.egg-info/requires.txt
[9.405s] writing top-level names to ../../build/exam_pkg/exam_pkg.egg-info/top_level.txt
[9.420s] reading manifest file '../../build/exam_pkg/exam_pkg.egg-info/SOURCES.txt'
[9.435s] writing manifest file '../../build/exam_pkg/exam_pkg.egg-info/SOURCES.txt'
[9.436s] running build
[9.436s] running build_py
[9.437s] copying exam_pkg/exam_publisher.py -> /home/awshae/exam_ws/build/exam_pkg/build/lib/exam_pkg
[9.440s] running install
[9.442s] running install_lib
[9.446s] copying /home/awshae/exam_ws/build/exam_pkg/build/lib/exam_pkg/exam_publisher.py -> /home/awshae/exam_ws/install/exam_pkg/lib/python3.10/site-packages/exam_pkg
[9.453s] byte-compiling /home/awshae/exam_ws/install/exam_pkg/lib/python3.10/site-packages/exam_pkg/exam_publisher.py to exam_publisher.cpython-310.pyc
[9.459s] running install_data
[9.460s] running install_egg_info
[9.479s] removing '/home/awshae/exam_ws/install/exam_pkg/lib/python3.10/site-packages/exam_pkg-0.0.0-py3.10.egg-info' (and everything under it)
[9.484s] Copying ../../build/exam_pkg/exam_pkg.egg-info to /home/awshae/exam_ws/install/exam_pkg/lib/python3.10/site-packages/exam_pkg-0.0.0-py3.10.egg-info
[9.492s] running install_scripts
[9.673s] Installing exam_publisher script to /home/awshae/exam_ws/install/exam_pkg/lib/exam_pkg
[9.674s] Installing simple script to /home/awshae/exam_ws/install/exam_pkg/lib/exam_pkg
[9.676s] writing list of installed files to '/home/awshae/exam_ws/build/exam_pkg/install.log'
[9.867s] Invoked command in '/home/awshae/exam_ws/src/exam_pkg' returned '0': PYTHONPATH=/home/awshae/exam_ws/build/exam_pkg/prefix_override:/usr/lib/python3/dist-packages/colcon_core/task/python/colcon_distutils_commands:/home/awshae/exam_ws/install/exam_pkg/lib/python3.10/site-packages:${PYTHONPATH} /usr/bin/python3 -W ignore:setup.py install is deprecated -W ignore:easy_install command is deprecated setup.py egg_info --egg-base ../../build/exam_pkg build --build-base /home/awshae/exam_ws/build/exam_pkg/build install --record /home/awshae/exam_ws/build/exam_pkg/install.log --single-version-externally-managed install_data
