[3.683s] Invoking command in '/home/awshae/exam_ws/src/exam_pkg': PYTHONPATH=/home/awshae/exam_ws/build/exam_pkg/prefix_override:/usr/lib/python3/dist-packages/colcon_core/task/python/colcon_distutils_commands:/home/awshae/exam_ws/install/exam_pkg/lib/python3.10/site-packages:${PYTHONPATH} /usr/bin/python3 -W ignore:setup.py install is deprecated -W ignore:easy_install command is deprecated setup.py egg_info --egg-base ../../build/exam_pkg build --build-base /home/awshae/exam_ws/build/exam_pkg/build install --record /home/awshae/exam_ws/build/exam_pkg/install.log --single-version-externally-managed install_data
[5.190s] running egg_info
[5.196s] writing ../../build/exam_pkg/exam_pkg.egg-info/PKG-INFO
[5.197s] writing dependency_links to ../../build/exam_pkg/exam_pkg.egg-info/dependency_links.txt
[5.197s] writing entry points to ../../build/exam_pkg/exam_pkg.egg-info/entry_points.txt
[5.198s] writing requirements to ../../build/exam_pkg/exam_pkg.egg-info/requires.txt
[5.199s] writing top-level names to ../../build/exam_pkg/exam_pkg.egg-info/top_level.txt
[5.210s] reading manifest file '../../build/exam_pkg/exam_pkg.egg-info/SOURCES.txt'
[5.214s] writing manifest file '../../build/exam_pkg/exam_pkg.egg-info/SOURCES.txt'
[5.216s] running build
[5.217s] running build_py
[5.217s] copying exam_pkg/tesing_publisher.py -> /home/awshae/exam_ws/build/exam_pkg/build/lib/exam_pkg
[5.218s] running install
[5.220s] running install_lib
[5.226s] copying /home/awshae/exam_ws/build/exam_pkg/build/lib/exam_pkg/tesing_publisher.py -> /home/awshae/exam_ws/install/exam_pkg/lib/python3.10/site-packages/exam_pkg
[5.229s] byte-compiling /home/awshae/exam_ws/install/exam_pkg/lib/python3.10/site-packages/exam_pkg/tesing_publisher.py to tesing_publisher.cpython-310.pyc
[5.233s] running install_data
[5.233s] running install_egg_info
[5.252s] removing '/home/awshae/exam_ws/install/exam_pkg/lib/python3.10/site-packages/exam_pkg-0.0.0-py3.10.egg-info' (and everything under it)
[5.253s] Copying ../../build/exam_pkg/exam_pkg.egg-info to /home/awshae/exam_ws/install/exam_pkg/lib/python3.10/site-packages/exam_pkg-0.0.0-py3.10.egg-info
[5.259s] running install_scripts
[5.386s] Installing exam_publisher = exam_pkg.exam_publisher:maintesing_publisher script to /home/awshae/exam_ws/install/exam_pkg/lib/exam_pkg
[5.389s] writing list of installed files to '/home/awshae/exam_ws/build/exam_pkg/install.log'
[5.515s] Invoked command in '/home/awshae/exam_ws/src/exam_pkg' returned '0': PYTHONPATH=/home/awshae/exam_ws/build/exam_pkg/prefix_override:/usr/lib/python3/dist-packages/colcon_core/task/python/colcon_distutils_commands:/home/awshae/exam_ws/install/exam_pkg/lib/python3.10/site-packages:${PYTHONPATH} /usr/bin/python3 -W ignore:setup.py install is deprecated -W ignore:easy_install command is deprecated setup.py egg_info --egg-base ../../build/exam_pkg build --build-base /home/awshae/exam_ws/build/exam_pkg/build install --record /home/awshae/exam_ws/build/exam_pkg/install.log --single-version-externally-managed install_data
