[2.897s] Invoking command in '/home/awshae/exam_ws/src/exam_pkg': PYTHONPATH=/home/awshae/exam_ws/build/exam_pkg/prefix_override:/usr/lib/python3/dist-packages/colcon_core/task/python/colcon_distutils_commands:/home/awshae/exam_ws/install/exam_pkg/lib/python3.10/site-packages:${PYTHONPATH} /usr/bin/python3 -W ignore:setup.py install is deprecated -W ignore:easy_install command is deprecated setup.py egg_info --egg-base ../../build/exam_pkg build --build-base /home/awshae/exam_ws/build/exam_pkg/build install --record /home/awshae/exam_ws/build/exam_pkg/install.log --single-version-externally-managed install_data
[4.011s] running egg_info
[4.016s] writing ../../build/exam_pkg/exam_pkg.egg-info/PKG-INFO
[4.017s] writing dependency_links to ../../build/exam_pkg/exam_pkg.egg-info/dependency_links.txt
[4.019s] writing entry points to ../../build/exam_pkg/exam_pkg.egg-info/entry_points.txt
[4.020s] writing requirements to ../../build/exam_pkg/exam_pkg.egg-info/requires.txt
[4.020s] writing top-level names to ../../build/exam_pkg/exam_pkg.egg-info/top_level.txt
[4.030s] reading manifest file '../../build/exam_pkg/exam_pkg.egg-info/SOURCES.txt'
[4.036s] writing manifest file '../../build/exam_pkg/exam_pkg.egg-info/SOURCES.txt'
[4.036s] running build
[4.037s] running build_py
[4.037s] copying exam_pkg/hi_node.py -> /home/awshae/exam_ws/build/exam_pkg/build/lib/exam_pkg
[4.038s] copying exam_pkg/exam_publisher.py -> /home/awshae/exam_ws/build/exam_pkg/build/lib/exam_pkg
[4.039s] running install
[4.041s] running install_lib
[4.045s] copying /home/awshae/exam_ws/build/exam_pkg/build/lib/exam_pkg/hi_node.py -> /home/awshae/exam_ws/install/exam_pkg/lib/python3.10/site-packages/exam_pkg
[4.046s] copying /home/awshae/exam_ws/build/exam_pkg/build/lib/exam_pkg/exam_publisher.py -> /home/awshae/exam_ws/install/exam_pkg/lib/python3.10/site-packages/exam_pkg
[4.049s] byte-compiling /home/awshae/exam_ws/install/exam_pkg/lib/python3.10/site-packages/exam_pkg/hi_node.py to hi_node.cpython-310.pyc
[4.051s] byte-compiling /home/awshae/exam_ws/install/exam_pkg/lib/python3.10/site-packages/exam_pkg/exam_publisher.py to exam_publisher.cpython-310.pyc
[4.053s] running install_data
[4.054s] running install_egg_info
[4.070s] removing '/home/awshae/exam_ws/install/exam_pkg/lib/python3.10/site-packages/exam_pkg-0.0.0-py3.10.egg-info' (and everything under it)
[4.073s] Copying ../../build/exam_pkg/exam_pkg.egg-info to /home/awshae/exam_ws/install/exam_pkg/lib/python3.10/site-packages/exam_pkg-0.0.0-py3.10.egg-info
[4.078s] running install_scripts
[4.171s] Installing exam_publisher script to /home/awshae/exam_ws/install/exam_pkg/lib/exam_pkg
[4.172s] Installing hi_node script to /home/awshae/exam_ws/install/exam_pkg/lib/exam_pkg
[4.173s] writing list of installed files to '/home/awshae/exam_ws/build/exam_pkg/install.log'
[4.277s] Invoked command in '/home/awshae/exam_ws/src/exam_pkg' returned '0': PYTHONPATH=/home/awshae/exam_ws/build/exam_pkg/prefix_override:/usr/lib/python3/dist-packages/colcon_core/task/python/colcon_distutils_commands:/home/awshae/exam_ws/install/exam_pkg/lib/python3.10/site-packages:${PYTHONPATH} /usr/bin/python3 -W ignore:setup.py install is deprecated -W ignore:easy_install command is deprecated setup.py egg_info --egg-base ../../build/exam_pkg build --build-base /home/awshae/exam_ws/build/exam_pkg/build install --record /home/awshae/exam_ws/build/exam_pkg/install.log --single-version-externally-managed install_data
