[2.889s] Invoking command in '/home/awshae/exam_ws/src/exam_pkg': PYTHONPATH=/home/awshae/exam_ws/build/exam_pkg/prefix_override:/usr/lib/python3/dist-packages/colcon_core/task/python/colcon_distutils_commands:/home/awshae/exam_ws/install/exam_pkg/lib/python3.10/site-packages:${PYTHONPATH} /usr/bin/python3 -W ignore:setup.py install is deprecated -W ignore:easy_install command is deprecated setup.py egg_info --egg-base ../../build/exam_pkg build --build-base /home/awshae/exam_ws/build/exam_pkg/build install --record /home/awshae/exam_ws/build/exam_pkg/install.log --single-version-externally-managed install_data
[3.967s] running egg_info
[3.970s] writing ../../build/exam_pkg/exam_pkg.egg-info/PKG-INFO
[3.971s] writing dependency_links to ../../build/exam_pkg/exam_pkg.egg-info/dependency_links.txt
[3.972s] writing entry points to ../../build/exam_pkg/exam_pkg.egg-info/entry_points.txt
[3.973s] writing requirements to ../../build/exam_pkg/exam_pkg.egg-info/requires.txt
[3.974s] writing top-level names to ../../build/exam_pkg/exam_pkg.egg-info/top_level.txt
[3.984s] reading manifest file '../../build/exam_pkg/exam_pkg.egg-info/SOURCES.txt'
[3.989s] writing manifest file '../../build/exam_pkg/exam_pkg.egg-info/SOURCES.txt'
[3.990s] running build
[3.990s] running build_py
[3.991s] copying exam_pkg/third_prob.py -> /home/awshae/exam_ws/build/exam_pkg/build/lib/exam_pkg
[3.993s] running install
[3.995s] running install_lib
[4.000s] copying /home/awshae/exam_ws/build/exam_pkg/build/lib/exam_pkg/third_prob.py -> /home/awshae/exam_ws/install/exam_pkg/lib/python3.10/site-packages/exam_pkg
[4.003s] byte-compiling /home/awshae/exam_ws/install/exam_pkg/lib/python3.10/site-packages/exam_pkg/third_prob.py to third_prob.cpython-310.pyc
[4.006s] running install_data
[4.007s] running install_egg_info
[4.021s] removing '/home/awshae/exam_ws/install/exam_pkg/lib/python3.10/site-packages/exam_pkg-0.0.0-py3.10.egg-info' (and everything under it)
[4.023s] Copying ../../build/exam_pkg/exam_pkg.egg-info to /home/awshae/exam_ws/install/exam_pkg/lib/python3.10/site-packages/exam_pkg-0.0.0-py3.10.egg-info
[4.028s] running install_scripts
[4.118s] Installing exam_publisher script to /home/awshae/exam_ws/install/exam_pkg/lib/exam_pkg
[4.119s] Installing hi_node script to /home/awshae/exam_ws/install/exam_pkg/lib/exam_pkg
[4.120s] Installing third_prob script to /home/awshae/exam_ws/install/exam_pkg/lib/exam_pkg
[4.121s] writing list of installed files to '/home/awshae/exam_ws/build/exam_pkg/install.log'
[4.225s] Invoked command in '/home/awshae/exam_ws/src/exam_pkg' returned '0': PYTHONPATH=/home/awshae/exam_ws/build/exam_pkg/prefix_override:/usr/lib/python3/dist-packages/colcon_core/task/python/colcon_distutils_commands:/home/awshae/exam_ws/install/exam_pkg/lib/python3.10/site-packages:${PYTHONPATH} /usr/bin/python3 -W ignore:setup.py install is deprecated -W ignore:easy_install command is deprecated setup.py egg_info --egg-base ../../build/exam_pkg build --build-base /home/awshae/exam_ws/build/exam_pkg/build install --record /home/awshae/exam_ws/build/exam_pkg/install.log --single-version-externally-managed install_data
