[0.473s] DEBUG:colcon:Command line arguments: ['/usr/bin/colcon', 'build']
[0.474s] DEBUG:colcon:Parsed command line arguments: Namespace(log_base=None, log_level=None, verb_name='build', build_base='build', install_base='install', merge_install=False, symlink_install=False, test_result_base=None, continue_on_error=False, executor='parallel', parallel_workers=4, event_handlers=None, ignore_user_meta=False, metas=['./colcon.meta'], base_paths=['.'], packages_ignore=None, packages_ignore_regex=None, paths=None, packages_up_to=None, packages_up_to_regex=None, packages_above=None, packages_above_and_dependencies=None, packages_above_depth=None, packages_select_by_dep=None, packages_skip_by_dep=None, packages_skip_up_to=None, packages_select_build_failed=False, packages_skip_build_finished=False, packages_select_test_failures=False, packages_skip_test_passed=False, packages_select=None, packages_skip=None, packages_select_regex=None, packages_skip_regex=None, packages_start=None, packages_end=None, allow_overriding=[], cmake_args=None, cmake_target=None, cmake_target_skip_unavailable=False, cmake_clean_cache=False, cmake_clean_first=False, cmake_force_configure=False, ament_cmake_args=None, catkin_cmake_args=None, catkin_skip_building_tests=False, verb_parser=<colcon_defaults.argument_parser.defaults.DefaultArgumentsDecorator object at 0x76f02d22fe50>, verb_extension=<colcon_core.verb.build.BuildVerb object at 0x76f02d22f970>, main=<bound method BuildVerb.main of <colcon_core.verb.build.BuildVerb object at 0x76f02d22f970>>)
[1.366s] Level 1:colcon.colcon_core.package_discovery:discover_packages(colcon_meta) check parameters
[1.367s] Level 1:colcon.colcon_core.package_discovery:discover_packages(recursive) check parameters
[1.367s] Level 1:colcon.colcon_core.package_discovery:discover_packages(ignore) check parameters
[1.367s] Level 1:colcon.colcon_core.package_discovery:discover_packages(path) check parameters
[1.367s] Level 1:colcon.colcon_core.package_discovery:discover_packages(colcon_meta) discover
[1.367s] Level 1:colcon.colcon_core.package_discovery:discover_packages(recursive) discover
[1.368s] INFO:colcon.colcon_core.package_discovery:Crawling recursively for packages in '/home/awshae/exam_ws'
[1.368s] Level 1:colcon.colcon_core.package_identification:_identify(.) by extensions ['ignore', 'ignore_ament_install']
[1.368s] Level 1:colcon.colcon_core.package_identification:_identify(.) by extension 'ignore'
[1.369s] Level 1:colcon.colcon_core.package_identification:_identify(.) by extension 'ignore_ament_install'
[1.369s] Level 1:colcon.colcon_core.package_identification:_identify(.) by extensions ['colcon_pkg']
[1.369s] Level 1:colcon.colcon_core.package_identification:_identify(.) by extension 'colcon_pkg'
[1.369s] Level 1:colcon.colcon_core.package_identification:_identify(.) by extensions ['colcon_meta']
[1.369s] Level 1:colcon.colcon_core.package_identification:_identify(.) by extension 'colcon_meta'
[1.370s] Level 1:colcon.colcon_core.package_identification:_identify(.) by extensions ['ros']
[1.370s] Level 1:colcon.colcon_core.package_identification:_identify(.) by extension 'ros'
[1.418s] Level 1:colcon.colcon_core.package_identification:_identify(.) by extensions ['cmake', 'python']
[1.418s] Level 1:colcon.colcon_core.package_identification:_identify(.) by extension 'cmake'
[1.418s] Level 1:colcon.colcon_core.package_identification:_identify(.) by extension 'python'
[1.419s] Level 1:colcon.colcon_core.package_identification:_identify(.) by extensions ['python_setup_py']
[1.419s] Level 1:colcon.colcon_core.package_identification:_identify(.) by extension 'python_setup_py'
[1.419s] Level 1:colcon.colcon_core.package_identification:_identify(build) by extensions ['ignore', 'ignore_ament_install']
[1.420s] Level 1:colcon.colcon_core.package_identification:_identify(build) by extension 'ignore'
[1.420s] Level 1:colcon.colcon_core.package_identification:_identify(build) ignored
[1.421s] Level 1:colcon.colcon_core.package_identification:_identify(install) by extensions ['ignore', 'ignore_ament_install']
[1.421s] Level 1:colcon.colcon_core.package_identification:_identify(install) by extension 'ignore'
[1.421s] Level 1:colcon.colcon_core.package_identification:_identify(install) ignored
[1.422s] Level 1:colcon.colcon_core.package_identification:_identify(log) by extensions ['ignore', 'ignore_ament_install']
[1.422s] Level 1:colcon.colcon_core.package_identification:_identify(log) by extension 'ignore'
[1.422s] Level 1:colcon.colcon_core.package_identification:_identify(log) ignored
[1.423s] Level 1:colcon.colcon_core.package_identification:_identify(src) by extensions ['ignore', 'ignore_ament_install']
[1.423s] Level 1:colcon.colcon_core.package_identification:_identify(src) by extension 'ignore'
[1.423s] Level 1:colcon.colcon_core.package_identification:_identify(src) by extension 'ignore_ament_install'
[1.424s] Level 1:colcon.colcon_core.package_identification:_identify(src) by extensions ['colcon_pkg']
[1.424s] Level 1:colcon.colcon_core.package_identification:_identify(src) by extension 'colcon_pkg'
[1.424s] Level 1:colcon.colcon_core.package_identification:_identify(src) by extensions ['colcon_meta']
[1.424s] Level 1:colcon.colcon_core.package_identification:_identify(src) by extension 'colcon_meta'
[1.424s] Level 1:colcon.colcon_core.package_identification:_identify(src) by extensions ['ros']
[1.424s] Level 1:colcon.colcon_core.package_identification:_identify(src) by extension 'ros'
[1.425s] Level 1:colcon.colcon_core.package_identification:_identify(src) by extensions ['cmake', 'python']
[1.425s] Level 1:colcon.colcon_core.package_identification:_identify(src) by extension 'cmake'
[1.425s] Level 1:colcon.colcon_core.package_identification:_identify(src) by extension 'python'
[1.425s] Level 1:colcon.colcon_core.package_identification:_identify(src) by extensions ['python_setup_py']
[1.425s] Level 1:colcon.colcon_core.package_identification:_identify(src) by extension 'python_setup_py'
[1.426s] Level 1:colcon.colcon_core.package_identification:_identify(src/exam_pkg) by extensions ['ignore', 'ignore_ament_install']
[1.426s] Level 1:colcon.colcon_core.package_identification:_identify(src/exam_pkg) by extension 'ignore'
[1.427s] Level 1:colcon.colcon_core.package_identification:_identify(src/exam_pkg) by extension 'ignore_ament_install'
[1.427s] Level 1:colcon.colcon_core.package_identification:_identify(src/exam_pkg) by extensions ['colcon_pkg']
[1.427s] Level 1:colcon.colcon_core.package_identification:_identify(src/exam_pkg) by extension 'colcon_pkg'
[1.427s] Level 1:colcon.colcon_core.package_identification:_identify(src/exam_pkg) by extensions ['colcon_meta']
[1.427s] Level 1:colcon.colcon_core.package_identification:_identify(src/exam_pkg) by extension 'colcon_meta'
[1.428s] Level 1:colcon.colcon_core.package_identification:_identify(src/exam_pkg) by extensions ['ros']
[1.428s] Level 1:colcon.colcon_core.package_identification:_identify(src/exam_pkg) by extension 'ros'
[1.439s] DEBUG:colcon.colcon_core.package_identification:Package 'src/exam_pkg' with type 'ros.ament_python' and name 'exam_pkg'
[1.439s] Level 1:colcon.colcon_core.package_discovery:discover_packages(recursive) using defaults
[1.440s] Level 1:colcon.colcon_core.package_discovery:discover_packages(ignore) discover
[1.440s] Level 1:colcon.colcon_core.package_discovery:discover_packages(ignore) using defaults
[1.440s] Level 1:colcon.colcon_core.package_discovery:discover_packages(path) discover
[1.440s] Level 1:colcon.colcon_core.package_discovery:discover_packages(path) using defaults
[1.536s] Level 1:colcon.colcon_core.package_discovery:discover_packages(prefix_path) check parameters
[1.536s] Level 1:colcon.colcon_core.package_discovery:discover_packages(prefix_path) discover
[1.540s] WARNING:colcon.colcon_core.prefix_path.colcon:The path '/home/awshae/last/install' in the environment variable COLCON_PREFIX_PATH doesn't exist
[1.541s] WARNING:colcon.colcon_ros.prefix_path.ament:The path '/home/awshae/last/install/exam_pkg' in the environment variable AMENT_PREFIX_PATH doesn't exist
[1.544s] DEBUG:colcon.colcon_installed_package_information.package_discovery:Found 0 installed packages in /home/awshae/ash_ws/install
[1.551s] DEBUG:colcon.colcon_installed_package_information.package_discovery:Found 298 installed packages in /opt/ros/humble
[1.593s] Level 1:colcon.colcon_core.package_discovery:discover_packages(prefix_path) using defaults
[1.780s] Level 5:colcon.colcon_core.verb:set package 'exam_pkg' build argument 'cmake_args' from command line to 'None'
[1.781s] Level 5:colcon.colcon_core.verb:set package 'exam_pkg' build argument 'cmake_target' from command line to 'None'
[1.781s] Level 5:colcon.colcon_core.verb:set package 'exam_pkg' build argument 'cmake_target_skip_unavailable' from command line to 'False'
[1.781s] Level 5:colcon.colcon_core.verb:set package 'exam_pkg' build argument 'cmake_clean_cache' from command line to 'False'
[1.781s] Level 5:colcon.colcon_core.verb:set package 'exam_pkg' build argument 'cmake_clean_first' from command line to 'False'
[1.781s] Level 5:colcon.colcon_core.verb:set package 'exam_pkg' build argument 'cmake_force_configure' from command line to 'False'
[1.781s] Level 5:colcon.colcon_core.verb:set package 'exam_pkg' build argument 'ament_cmake_args' from command line to 'None'
[1.781s] Level 5:colcon.colcon_core.verb:set package 'exam_pkg' build argument 'catkin_cmake_args' from command line to 'None'
[1.781s] Level 5:colcon.colcon_core.verb:set package 'exam_pkg' build argument 'catkin_skip_building_tests' from command line to 'False'
[1.782s] DEBUG:colcon.colcon_core.verb:Building package 'exam_pkg' with the following arguments: {'ament_cmake_args': None, 'build_base': '/home/awshae/exam_ws/build/exam_pkg', 'catkin_cmake_args': None, 'catkin_skip_building_tests': False, 'cmake_args': None, 'cmake_clean_cache': False, 'cmake_clean_first': False, 'cmake_force_configure': False, 'cmake_target': None, 'cmake_target_skip_unavailable': False, 'install_base': '/home/awshae/exam_ws/install/exam_pkg', 'merge_install': False, 'path': '/home/awshae/exam_ws/src/exam_pkg', 'symlink_install': False, 'test_result_base': None}
[1.782s] INFO:colcon.colcon_core.executor:Executing jobs using 'parallel' executor
[1.786s] DEBUG:colcon.colcon_parallel_executor.executor.parallel:run_until_complete
[1.787s] INFO:colcon.colcon_ros.task.ament_python.build:Building ROS package in '/home/awshae/exam_ws/src/exam_pkg' with build type 'ament_python'
[1.788s] Level 1:colcon.colcon_core.shell:create_environment_hook('exam_pkg', 'ament_prefix_path')
[1.796s] INFO:colcon.colcon_core.plugin_system:Skipping extension 'colcon_core.shell.bat': Not used on non-Windows systems
[1.797s] INFO:colcon.colcon_core.shell:Creating environment hook '/home/awshae/exam_ws/install/exam_pkg/share/exam_pkg/hook/ament_prefix_path.ps1'
[1.800s] INFO:colcon.colcon_core.shell:Creating environment descriptor '/home/awshae/exam_ws/install/exam_pkg/share/exam_pkg/hook/ament_prefix_path.dsv'
[1.802s] INFO:colcon.colcon_core.shell:Creating environment hook '/home/awshae/exam_ws/install/exam_pkg/share/exam_pkg/hook/ament_prefix_path.sh'
[1.807s] INFO:colcon.colcon_core.shell:Skip shell extension 'powershell' for command environment: Not usable outside of PowerShell
[1.807s] DEBUG:colcon.colcon_core.shell:Skip shell extension 'dsv' for command environment
[3.018s] INFO:colcon.colcon_core.task.python.build:Building Python package in '/home/awshae/exam_ws/src/exam_pkg'
[3.020s] INFO:colcon.colcon_core.shell:Skip shell extension 'powershell' for command environment: Not usable outside of PowerShell
[3.021s] DEBUG:colcon.colcon_core.shell:Skip shell extension 'dsv' for command environment
[4.694s] DEBUG:colcon.colcon_core.event_handler.log_command:Invoking command in '/home/awshae/exam_ws/src/exam_pkg': PYTHONPATH=/home/awshae/exam_ws/build/exam_pkg/prefix_override:/usr/lib/python3/dist-packages/colcon_core/task/python/colcon_distutils_commands:/home/awshae/exam_ws/install/exam_pkg/lib/python3.10/site-packages:${PYTHONPATH} /usr/bin/python3 -W ignore:setup.py install is deprecated -W ignore:easy_install command is deprecated setup.py egg_info --egg-base ../../build/exam_pkg build --build-base /home/awshae/exam_ws/build/exam_pkg/build install --record /home/awshae/exam_ws/build/exam_pkg/install.log --single-version-externally-managed install_data
[6.028s] DEBUG:colcon.colcon_core.event_handler.log_command:Invoked command in '/home/awshae/exam_ws/src/exam_pkg' returned '0': PYTHONPATH=/home/awshae/exam_ws/build/exam_pkg/prefix_override:/usr/lib/python3/dist-packages/colcon_core/task/python/colcon_distutils_commands:/home/awshae/exam_ws/install/exam_pkg/lib/python3.10/site-packages:${PYTHONPATH} /usr/bin/python3 -W ignore:setup.py install is deprecated -W ignore:easy_install command is deprecated setup.py egg_info --egg-base ../../build/exam_pkg build --build-base /home/awshae/exam_ws/build/exam_pkg/build install --record /home/awshae/exam_ws/build/exam_pkg/install.log --single-version-externally-managed install_data
[6.036s] Level 1:colcon.colcon_core.environment:checking '/home/awshae/exam_ws/install/exam_pkg' for CMake module files
[6.038s] Level 1:colcon.colcon_core.environment:checking '/home/awshae/exam_ws/install/exam_pkg' for CMake config files
[6.040s] Level 1:colcon.colcon_core.environment:checking '/home/awshae/exam_ws/install/exam_pkg/lib'
[6.041s] Level 1:colcon.colcon_core.environment:checking '/home/awshae/exam_ws/install/exam_pkg/bin'
[6.042s] Level 1:colcon.colcon_core.environment:checking '/home/awshae/exam_ws/install/exam_pkg/lib/pkgconfig/exam_pkg.pc'
[6.043s] Level 1:colcon.colcon_core.environment:checking '/home/awshae/exam_ws/install/exam_pkg/lib/python3.10/site-packages'
[6.043s] Level 1:colcon.colcon_core.shell:create_environment_hook('exam_pkg', 'pythonpath')
[6.045s] INFO:colcon.colcon_core.shell:Creating environment hook '/home/awshae/exam_ws/install/exam_pkg/share/exam_pkg/hook/pythonpath.ps1'
[6.049s] INFO:colcon.colcon_core.shell:Creating environment descriptor '/home/awshae/exam_ws/install/exam_pkg/share/exam_pkg/hook/pythonpath.dsv'
[6.051s] INFO:colcon.colcon_core.shell:Creating environment hook '/home/awshae/exam_ws/install/exam_pkg/share/exam_pkg/hook/pythonpath.sh'
[6.057s] Level 1:colcon.colcon_core.environment:checking '/home/awshae/exam_ws/install/exam_pkg/bin'
[6.058s] Level 1:colcon.colcon_core.environment:create_environment_scripts_only(exam_pkg)
[6.061s] INFO:colcon.colcon_core.shell:Creating package script '/home/awshae/exam_ws/install/exam_pkg/share/exam_pkg/package.ps1'
[6.065s] INFO:colcon.colcon_core.shell:Creating package descriptor '/home/awshae/exam_ws/install/exam_pkg/share/exam_pkg/package.dsv'
[6.068s] INFO:colcon.colcon_core.shell:Creating package script '/home/awshae/exam_ws/install/exam_pkg/share/exam_pkg/package.sh'
[6.072s] INFO:colcon.colcon_core.shell:Creating package script '/home/awshae/exam_ws/install/exam_pkg/share/exam_pkg/package.bash'
[6.075s] INFO:colcon.colcon_core.shell:Creating package script '/home/awshae/exam_ws/install/exam_pkg/share/exam_pkg/package.zsh'
[6.079s] Level 1:colcon.colcon_core.environment:create_file_with_runtime_dependencies(/home/awshae/exam_ws/install/exam_pkg/share/colcon-core/packages/exam_pkg)
[6.080s] DEBUG:colcon.colcon_parallel_executor.executor.parallel:closing loop
[6.081s] DEBUG:colcon.colcon_parallel_executor.executor.parallel:loop closed
[6.082s] DEBUG:colcon.colcon_parallel_executor.executor.parallel:run_until_complete finished with '0'
[6.082s] DEBUG:colcon.colcon_core.event_reactor:joining thread
[6.106s] INFO:colcon.colcon_core.plugin_system:Skipping extension 'colcon_notification.desktop_notification.terminal_notifier': Not used on non-Darwin systems
[6.107s] INFO:colcon.colcon_core.plugin_system:Skipping extension 'colcon_notification.desktop_notification.win32': Not used on non-Windows systems
[6.107s] INFO:colcon.colcon_notification.desktop_notification:Sending desktop notification using 'notify2'
[6.158s] DEBUG:colcon.colcon_core.event_reactor:joined thread
[6.160s] INFO:colcon.colcon_core.shell:Creating prefix script '/home/awshae/exam_ws/install/local_setup.ps1'
[6.167s] INFO:colcon.colcon_core.shell:Creating prefix util module '/home/awshae/exam_ws/install/_local_setup_util_ps1.py'
[6.179s] INFO:colcon.colcon_core.shell:Creating prefix chain script '/home/awshae/exam_ws/install/setup.ps1'
[6.187s] INFO:colcon.colcon_core.shell:Creating prefix script '/home/awshae/exam_ws/install/local_setup.sh'
[6.191s] INFO:colcon.colcon_core.shell:Creating prefix util module '/home/awshae/exam_ws/install/_local_setup_util_sh.py'
[6.196s] INFO:colcon.colcon_core.shell:Creating prefix chain script '/home/awshae/exam_ws/install/setup.sh'
[6.204s] INFO:colcon.colcon_core.shell:Creating prefix script '/home/awshae/exam_ws/install/local_setup.bash'
[6.207s] INFO:colcon.colcon_core.shell:Creating prefix chain script '/home/awshae/exam_ws/install/setup.bash'
[6.214s] INFO:colcon.colcon_core.shell:Creating prefix script '/home/awshae/exam_ws/install/local_setup.zsh'
[6.216s] INFO:colcon.colcon_core.shell:Creating prefix chain script '/home/awshae/exam_ws/install/setup.zsh'
