[2.754s] Invoking command in '/home/awshae/exam_ws/src/exam_pkg': PYTHONPATH=/home/awshae/exam_ws/build/exam_pkg/prefix_override:/usr/lib/python3/dist-packages/colcon_core/task/python/colcon_distutils_commands:/home/awshae/exam_ws/install/exam_pkg/lib/python3.10/site-packages:${PYTHONPATH} /usr/bin/python3 -W ignore:setup.py install is deprecated -W ignore:easy_install command is deprecated setup.py egg_info --egg-base ../../build/exam_pkg build --build-base /home/awshae/exam_ws/build/exam_pkg/build install --record /home/awshae/exam_ws/build/exam_pkg/install.log --single-version-externally-managed install_data
[4.013s] running egg_info
[4.016s] writing ../../build/exam_pkg/exam_pkg.egg-info/PKG-INFO
[4.017s] writing dependency_links to ../../build/exam_pkg/exam_pkg.egg-info/dependency_links.txt
[4.020s] writing entry points to ../../build/exam_pkg/exam_pkg.egg-info/entry_points.txt
[4.020s] writing requirements to ../../build/exam_pkg/exam_pkg.egg-info/requires.txt
[4.021s] writing top-level names to ../../build/exam_pkg/exam_pkg.egg-info/top_level.txt
[4.032s] reading manifest file '../../build/exam_pkg/exam_pkg.egg-info/SOURCES.txt'
[4.041s] writing manifest file '../../build/exam_pkg/exam_pkg.egg-info/SOURCES.txt'
[4.041s] running build
[4.042s] running build_py
[4.042s] running install
[4.043s] running install_lib
[4.052s] running install_data
[4.053s] running install_egg_info
[4.071s] removing '/home/awshae/exam_ws/install/exam_pkg/lib/python3.10/site-packages/exam_pkg-0.0.0-py3.10.egg-info' (and everything under it)
[4.073s] Copying ../../build/exam_pkg/exam_pkg.egg-info to /home/awshae/exam_ws/install/exam_pkg/lib/python3.10/site-packages/exam_pkg-0.0.0-py3.10.egg-info
[4.078s] running install_scripts
[4.171s] Installing exam_publisher script to /home/awshae/exam_ws/install/exam_pkg/lib/exam_pkg
[4.172s] Installing hi_node script to /home/awshae/exam_ws/install/exam_pkg/lib/exam_pkg
[4.173s] Installing third_prob script to /home/awshae/exam_ws/install/exam_pkg/lib/exam_pkg
[4.175s] writing list of installed files to '/home/awshae/exam_ws/build/exam_pkg/install.log'
[4.270s] Invoked command in '/home/awshae/exam_ws/src/exam_pkg' returned '0': PYTHONPATH=/home/awshae/exam_ws/build/exam_pkg/prefix_override:/usr/lib/python3/dist-packages/colcon_core/task/python/colcon_distutils_commands:/home/awshae/exam_ws/install/exam_pkg/lib/python3.10/site-packages:${PYTHONPATH} /usr/bin/python3 -W ignore:setup.py install is deprecated -W ignore:easy_install command is deprecated setup.py egg_info --egg-base ../../build/exam_pkg build --build-base /home/awshae/exam_ws/build/exam_pkg/build install --record /home/awshae/exam_ws/build/exam_pkg/install.log --single-version-externally-managed install_data
