[0.471s] DEBUG:colcon:Command line arguments: ['/usr/bin/colcon', 'build']
[0.471s] DEBUG:colcon:Parsed command line arguments: Namespace(log_base=None, log_level=None, verb_name='build', build_base='build', install_base='install', merge_install=False, symlink_install=False, test_result_base=None, continue_on_error=False, executor='parallel', parallel_workers=4, event_handlers=None, ignore_user_meta=False, metas=['./colcon.meta'], base_paths=['.'], packages_ignore=None, packages_ignore_regex=None, paths=None, packages_up_to=None, packages_up_to_regex=None, packages_above=None, packages_above_and_dependencies=None, packages_above_depth=None, packages_select_by_dep=None, packages_skip_by_dep=None, packages_skip_up_to=None, packages_select_build_failed=False, packages_skip_build_finished=False, packages_select_test_failures=False, packages_skip_test_passed=False, packages_select=None, packages_skip=None, packages_select_regex=None, packages_skip_regex=None, packages_start=None, packages_end=None, allow_overriding=[], cmake_args=None, cmake_target=None, cmake_target_skip_unavailable=False, cmake_clean_cache=False, cmake_clean_first=False, cmake_force_configure=False, ament_cmake_args=None, catkin_cmake_args=None, catkin_skip_building_tests=False, verb_parser=<colcon_defaults.argument_parser.defaults.DefaultArgumentsDecorator object at 0x73137bc1fee0>, verb_extension=<colcon_core.verb.build.BuildVerb object at 0x73137bc1fa00>, main=<bound method BuildVerb.main of <colcon_core.verb.build.BuildVerb object at 0x73137bc1fa00>>)
[1.243s] Level 1:colcon.colcon_core.package_discovery:discover_packages(colcon_meta) check parameters
[1.243s] Level 1:colcon.colcon_core.package_discovery:discover_packages(recursive) check parameters
[1.243s] Level 1:colcon.colcon_core.package_discovery:discover_packages(ignore) check parameters
[1.244s] Level 1:colcon.colcon_core.package_discovery:discover_packages(path) check parameters
[1.244s] Level 1:colcon.colcon_core.package_discovery:discover_packages(colcon_meta) discover
[1.244s] Level 1:colcon.colcon_core.package_discovery:discover_packages(recursive) discover
[1.244s] INFO:colcon.colcon_core.package_discovery:Crawling recursively for packages in '/home/awshae/exam_ws'
[1.245s] Level 1:colcon.colcon_core.package_identification:_identify(.) by extensions ['ignore', 'ignore_ament_install']
[1.245s] Level 1:colcon.colcon_core.package_identification:_identify(.) by extension 'ignore'
[1.245s] Level 1:colcon.colcon_core.package_identification:_identify(.) by extension 'ignore_ament_install'
[1.246s] Level 1:colcon.colcon_core.package_identification:_identify(.) by extensions ['colcon_pkg']
[1.246s] Level 1:colcon.colcon_core.package_identification:_identify(.) by extension 'colcon_pkg'
[1.246s] Level 1:colcon.colcon_core.package_identification:_identify(.) by extensions ['colcon_meta']
[1.246s] Level 1:colcon.colcon_core.package_identification:_identify(.) by extension 'colcon_meta'
[1.246s] Level 1:colcon.colcon_core.package_identification:_identify(.) by extensions ['ros']
[1.246s] Level 1:colcon.colcon_core.package_identification:_identify(.) by extension 'ros'
[1.294s] Level 1:colcon.colcon_core.package_identification:_identify(.) by extensions ['cmake', 'python']
[1.295s] Level 1:colcon.colcon_core.package_identification:_identify(.) by extension 'cmake'
[1.295s] Level 1:colcon.colcon_core.package_identification:_identify(.) by extension 'python'
[1.295s] Level 1:colcon.colcon_core.package_identification:_identify(.) by extensions ['python_setup_py']
[1.296s] Level 1:colcon.colcon_core.package_identification:_identify(.) by extension 'python_setup_py'
[1.296s] Level 1:colcon.colcon_core.package_identification:_identify(build) by extensions ['ignore', 'ignore_ament_install']
[1.296s] Level 1:colcon.colcon_core.package_identification:_identify(build) by extension 'ignore'
[1.297s] Level 1:colcon.colcon_core.package_identification:_identify(build) ignored
[1.297s] Level 1:colcon.colcon_core.package_identification:_identify(install) by extensions ['ignore', 'ignore_ament_install']
[1.298s] Level 1:colcon.colcon_core.package_identification:_identify(install) by extension 'ignore'
[1.298s] Level 1:colcon.colcon_core.package_identification:_identify(install) ignored
[1.298s] Level 1:colcon.colcon_core.package_identification:_identify(log) by extensions ['ignore', 'ignore_ament_install']
[1.299s] Level 1:colcon.colcon_core.package_identification:_identify(log) by extension 'ignore'
[1.299s] Level 1:colcon.colcon_core.package_identification:_identify(log) ignored
[1.299s] Level 1:colcon.colcon_core.package_identification:_identify(src) by extensions ['ignore', 'ignore_ament_install']
[1.300s] Level 1:colcon.colcon_core.package_identification:_identify(src) by extension 'ignore'
[1.300s] Level 1:colcon.colcon_core.package_identification:_identify(src) by extension 'ignore_ament_install'
[1.300s] Level 1:colcon.colcon_core.package_identification:_identify(src) by extensions ['colcon_pkg']
[1.300s] Level 1:colcon.colcon_core.package_identification:_identify(src) by extension 'colcon_pkg'
[1.301s] Level 1:colcon.colcon_core.package_identification:_identify(src) by extensions ['colcon_meta']
[1.301s] Level 1:colcon.colcon_core.package_identification:_identify(src) by extension 'colcon_meta'
[1.301s] Level 1:colcon.colcon_core.package_identification:_identify(src) by extensions ['ros']
[1.301s] Level 1:colcon.colcon_core.package_identification:_identify(src) by extension 'ros'
[1.302s] Level 1:colcon.colcon_core.package_identification:_identify(src) by extensions ['cmake', 'python']
[1.302s] Level 1:colcon.colcon_core.package_identification:_identify(src) by extension 'cmake'
[1.302s] Level 1:colcon.colcon_core.package_identification:_identify(src) by extension 'python'
[1.302s] Level 1:colcon.colcon_core.package_identification:_identify(src) by extensions ['python_setup_py']
[1.302s] Level 1:colcon.colcon_core.package_identification:_identify(src) by extension 'python_setup_py'
[1.303s] Level 1:colcon.colcon_core.package_identification:_identify(src/exam_pkg) by extensions ['ignore', 'ignore_ament_install']
[1.303s] Level 1:colcon.colcon_core.package_identification:_identify(src/exam_pkg) by extension 'ignore'
[1.303s] Level 1:colcon.colcon_core.package_identification:_identify(src/exam_pkg) by extension 'ignore_ament_install'
[1.303s] Level 1:colcon.colcon_core.package_identification:_identify(src/exam_pkg) by extensions ['colcon_pkg']
[1.304s] Level 1:colcon.colcon_core.package_identification:_identify(src/exam_pkg) by extension 'colcon_pkg'
[1.304s] Level 1:colcon.colcon_core.package_identification:_identify(src/exam_pkg) by extensions ['colcon_meta']
[1.304s] Level 1:colcon.colcon_core.package_identification:_identify(src/exam_pkg) by extension 'colcon_meta'
[1.304s] Level 1:colcon.colcon_core.package_identification:_identify(src/exam_pkg) by extensions ['ros']
[1.304s] Level 1:colcon.colcon_core.package_identification:_identify(src/exam_pkg) by extension 'ros'
[1.315s] DEBUG:colcon.colcon_core.package_identification:Package 'src/exam_pkg' with type 'ros.ament_python' and name 'exam_pkg'
[1.315s] Level 1:colcon.colcon_core.package_discovery:discover_packages(recursive) using defaults
[1.315s] Level 1:colcon.colcon_core.package_discovery:discover_packages(ignore) discover
[1.315s] Level 1:colcon.colcon_core.package_discovery:discover_packages(ignore) using defaults
[1.315s] Level 1:colcon.colcon_core.package_discovery:discover_packages(path) discover
[1.316s] Level 1:colcon.colcon_core.package_discovery:discover_packages(path) using defaults
[1.405s] Level 1:colcon.colcon_core.package_discovery:discover_packages(prefix_path) check parameters
[1.405s] Level 1:colcon.colcon_core.package_discovery:discover_packages(prefix_path) discover
[1.412s] DEBUG:colcon.colcon_installed_package_information.package_discovery:Found 1 installed packages in /home/awshae/exam_ws/install
[1.413s] DEBUG:colcon.colcon_installed_package_information.package_discovery:Found 0 installed packages in /home/awshae/ash_ws/install
[1.419s] DEBUG:colcon.colcon_installed_package_information.package_discovery:Found 298 installed packages in /opt/ros/humble
[1.459s] Level 1:colcon.colcon_core.package_discovery:discover_packages(prefix_path) using defaults
[1.650s] Level 5:colcon.colcon_core.verb:set package 'exam_pkg' build argument 'cmake_args' from command line to 'None'
[1.650s] Level 5:colcon.colcon_core.verb:set package 'exam_pkg' build argument 'cmake_target' from command line to 'None'
[1.650s] Level 5:colcon.colcon_core.verb:set package 'exam_pkg' build argument 'cmake_target_skip_unavailable' from command line to 'False'
[1.651s] Level 5:colcon.colcon_core.verb:set package 'exam_pkg' build argument 'cmake_clean_cache' from command line to 'False'
[1.651s] Level 5:colcon.colcon_core.verb:set package 'exam_pkg' build argument 'cmake_clean_first' from command line to 'False'
[1.651s] Level 5:colcon.colcon_core.verb:set package 'exam_pkg' build argument 'cmake_force_configure' from command line to 'False'
[1.651s] Level 5:colcon.colcon_core.verb:set package 'exam_pkg' build argument 'ament_cmake_args' from command line to 'None'
[1.651s] Level 5:colcon.colcon_core.verb:set package 'exam_pkg' build argument 'catkin_cmake_args' from command line to 'None'
[1.651s] Level 5:colcon.colcon_core.verb:set package 'exam_pkg' build argument 'catkin_skip_building_tests' from command line to 'False'
[1.651s] DEBUG:colcon.colcon_core.verb:Building package 'exam_pkg' with the following arguments: {'ament_cmake_args': None, 'build_base': '/home/awshae/exam_ws/build/exam_pkg', 'catkin_cmake_args': None, 'catkin_skip_building_tests': False, 'cmake_args': None, 'cmake_clean_cache': False, 'cmake_clean_first': False, 'cmake_force_configure': False, 'cmake_target': None, 'cmake_target_skip_unavailable': False, 'install_base': '/home/awshae/exam_ws/install/exam_pkg', 'merge_install': False, 'path': '/home/awshae/exam_ws/src/exam_pkg', 'symlink_install': False, 'test_result_base': None}
[1.652s] INFO:colcon.colcon_core.executor:Executing jobs using 'parallel' executor
[1.655s] DEBUG:colcon.colcon_parallel_executor.executor.parallel:run_until_complete
[1.656s] INFO:colcon.colcon_ros.task.ament_python.build:Building ROS package in '/home/awshae/exam_ws/src/exam_pkg' with build type 'ament_python'
[1.657s] Level 1:colcon.colcon_core.shell:create_environment_hook('exam_pkg', 'ament_prefix_path')
[1.666s] INFO:colcon.colcon_core.plugin_system:Skipping extension 'colcon_core.shell.bat': Not used on non-Windows systems
[1.667s] INFO:colcon.colcon_core.shell:Creating environment hook '/home/awshae/exam_ws/install/exam_pkg/share/exam_pkg/hook/ament_prefix_path.ps1'
[1.670s] INFO:colcon.colcon_core.shell:Creating environment descriptor '/home/awshae/exam_ws/install/exam_pkg/share/exam_pkg/hook/ament_prefix_path.dsv'
[1.673s] INFO:colcon.colcon_core.shell:Creating environment hook '/home/awshae/exam_ws/install/exam_pkg/share/exam_pkg/hook/ament_prefix_path.sh'
[1.678s] INFO:colcon.colcon_core.shell:Skip shell extension 'powershell' for command environment: Not usable outside of PowerShell
[1.678s] DEBUG:colcon.colcon_core.shell:Skip shell extension 'dsv' for command environment
[2.845s] INFO:colcon.colcon_core.task.python.build:Building Python package in '/home/awshae/exam_ws/src/exam_pkg'
[2.846s] INFO:colcon.colcon_core.shell:Skip shell extension 'powershell' for command environment: Not usable outside of PowerShell
[2.847s] DEBUG:colcon.colcon_core.shell:Skip shell extension 'dsv' for command environment
[4.358s] DEBUG:colcon.colcon_core.event_handler.log_command:Invoking command in '/home/awshae/exam_ws/src/exam_pkg': PYTHONPATH=/home/awshae/exam_ws/build/exam_pkg/prefix_override:/usr/lib/python3/dist-packages/colcon_core/task/python/colcon_distutils_commands:/home/awshae/exam_ws/install/exam_pkg/lib/python3.10/site-packages:${PYTHONPATH} /usr/bin/python3 -W ignore:setup.py install is deprecated -W ignore:easy_install command is deprecated setup.py egg_info --egg-base ../../build/exam_pkg build --build-base /home/awshae/exam_ws/build/exam_pkg/build install --record /home/awshae/exam_ws/build/exam_pkg/install.log --single-version-externally-managed install_data
[5.669s] DEBUG:colcon.colcon_core.event_handler.log_command:Invoked command in '/home/awshae/exam_ws/src/exam_pkg' returned '0': PYTHONPATH=/home/awshae/exam_ws/build/exam_pkg/prefix_override:/usr/lib/python3/dist-packages/colcon_core/task/python/colcon_distutils_commands:/home/awshae/exam_ws/install/exam_pkg/lib/python3.10/site-packages:${PYTHONPATH} /usr/bin/python3 -W ignore:setup.py install is deprecated -W ignore:easy_install command is deprecated setup.py egg_info --egg-base ../../build/exam_pkg build --build-base /home/awshae/exam_ws/build/exam_pkg/build install --record /home/awshae/exam_ws/build/exam_pkg/install.log --single-version-externally-managed install_data
[5.678s] Level 1:colcon.colcon_core.environment:checking '/home/awshae/exam_ws/install/exam_pkg' for CMake module files
[5.680s] Level 1:colcon.colcon_core.environment:checking '/home/awshae/exam_ws/install/exam_pkg' for CMake config files
[5.683s] Level 1:colcon.colcon_core.environment:checking '/home/awshae/exam_ws/install/exam_pkg/lib'
[5.684s] Level 1:colcon.colcon_core.environment:checking '/home/awshae/exam_ws/install/exam_pkg/bin'
[5.685s] Level 1:colcon.colcon_core.environment:checking '/home/awshae/exam_ws/install/exam_pkg/lib/pkgconfig/exam_pkg.pc'
[5.686s] Level 1:colcon.colcon_core.environment:checking '/home/awshae/exam_ws/install/exam_pkg/lib/python3.10/site-packages'
[5.686s] Level 1:colcon.colcon_core.shell:create_environment_hook('exam_pkg', 'pythonpath')
[5.688s] INFO:colcon.colcon_core.shell:Creating environment hook '/home/awshae/exam_ws/install/exam_pkg/share/exam_pkg/hook/pythonpath.ps1'
[5.690s] INFO:colcon.colcon_core.shell:Creating environment descriptor '/home/awshae/exam_ws/install/exam_pkg/share/exam_pkg/hook/pythonpath.dsv'
[5.692s] INFO:colcon.colcon_core.shell:Creating environment hook '/home/awshae/exam_ws/install/exam_pkg/share/exam_pkg/hook/pythonpath.sh'
[5.696s] Level 1:colcon.colcon_core.environment:checking '/home/awshae/exam_ws/install/exam_pkg/bin'
[5.696s] Level 1:colcon.colcon_core.environment:create_environment_scripts_only(exam_pkg)
[5.698s] INFO:colcon.colcon_core.shell:Creating package script '/home/awshae/exam_ws/install/exam_pkg/share/exam_pkg/package.ps1'
[5.702s] INFO:colcon.colcon_core.shell:Creating package descriptor '/home/awshae/exam_ws/install/exam_pkg/share/exam_pkg/package.dsv'
[5.704s] INFO:colcon.colcon_core.shell:Creating package script '/home/awshae/exam_ws/install/exam_pkg/share/exam_pkg/package.sh'
[5.708s] INFO:colcon.colcon_core.shell:Creating package script '/home/awshae/exam_ws/install/exam_pkg/share/exam_pkg/package.bash'
[5.714s] INFO:colcon.colcon_core.shell:Creating package script '/home/awshae/exam_ws/install/exam_pkg/share/exam_pkg/package.zsh'
[5.719s] Level 1:colcon.colcon_core.environment:create_file_with_runtime_dependencies(/home/awshae/exam_ws/install/exam_pkg/share/colcon-core/packages/exam_pkg)
[5.721s] DEBUG:colcon.colcon_parallel_executor.executor.parallel:closing loop
[5.723s] DEBUG:colcon.colcon_parallel_executor.executor.parallel:loop closed
[5.723s] DEBUG:colcon.colcon_parallel_executor.executor.parallel:run_until_complete finished with '0'
[5.724s] DEBUG:colcon.colcon_core.event_reactor:joining thread
[5.744s] INFO:colcon.colcon_core.plugin_system:Skipping extension 'colcon_notification.desktop_notification.terminal_notifier': Not used on non-Darwin systems
[5.744s] INFO:colcon.colcon_core.plugin_system:Skipping extension 'colcon_notification.desktop_notification.win32': Not used on non-Windows systems
[5.744s] INFO:colcon.colcon_notification.desktop_notification:Sending desktop notification using 'notify2'
[5.798s] DEBUG:colcon.colcon_core.event_reactor:joined thread
[5.799s] INFO:colcon.colcon_core.shell:Creating prefix script '/home/awshae/exam_ws/install/local_setup.ps1'
[5.804s] INFO:colcon.colcon_core.shell:Creating prefix util module '/home/awshae/exam_ws/install/_local_setup_util_ps1.py'
[5.813s] INFO:colcon.colcon_core.shell:Creating prefix chain script '/home/awshae/exam_ws/install/setup.ps1'
[5.819s] INFO:colcon.colcon_core.shell:Creating prefix script '/home/awshae/exam_ws/install/local_setup.sh'
[5.822s] INFO:colcon.colcon_core.shell:Creating prefix util module '/home/awshae/exam_ws/install/_local_setup_util_sh.py'
[5.825s] INFO:colcon.colcon_core.shell:Creating prefix chain script '/home/awshae/exam_ws/install/setup.sh'
[5.831s] INFO:colcon.colcon_core.shell:Creating prefix script '/home/awshae/exam_ws/install/local_setup.bash'
[5.834s] INFO:colcon.colcon_core.shell:Creating prefix chain script '/home/awshae/exam_ws/install/setup.bash'
[5.839s] INFO:colcon.colcon_core.shell:Creating prefix script '/home/awshae/exam_ws/install/local_setup.zsh'
[5.842s] INFO:colcon.colcon_core.shell:Creating prefix chain script '/home/awshae/exam_ws/install/setup.zsh'
