[0.459s] DEBUG:colcon:Command line arguments: ['/usr/bin/colcon', 'build']
[0.459s] DEBUG:colcon:Parsed command line arguments: Namespace(log_base=None, log_level=None, verb_name='build', build_base='build', install_base='install', merge_install=False, symlink_install=False, test_result_base=None, continue_on_error=False, executor='parallel', parallel_workers=4, event_handlers=None, ignore_user_meta=False, metas=['./colcon.meta'], base_paths=['.'], packages_ignore=None, packages_ignore_regex=None, paths=None, packages_up_to=None, packages_up_to_regex=None, packages_above=None, packages_above_and_dependencies=None, packages_above_depth=None, packages_select_by_dep=None, packages_skip_by_dep=None, packages_skip_up_to=None, packages_select_build_failed=False, packages_skip_build_finished=False, packages_select_test_failures=False, packages_skip_test_passed=False, packages_select=None, packages_skip=None, packages_select_regex=None, packages_skip_regex=None, packages_start=None, packages_end=None, allow_overriding=[], cmake_args=None, cmake_target=None, cmake_target_skip_unavailable=False, cmake_clean_cache=False, cmake_clean_first=False, cmake_force_configure=False, ament_cmake_args=None, catkin_cmake_args=None, catkin_skip_building_tests=False, verb_parser=<colcon_defaults.argument_parser.defaults.DefaultArgumentsDecorator object at 0x7c5b975cfeb0>, verb_extension=<colcon_core.verb.build.BuildVerb object at 0x7c5b975cf9d0>, main=<bound method BuildVerb.main of <colcon_core.verb.build.BuildVerb object at 0x7c5b975cf9d0>>)
[1.232s] Level 1:colcon.colcon_core.package_discovery:discover_packages(colcon_meta) check parameters
[1.232s] Level 1:colcon.colcon_core.package_discovery:discover_packages(recursive) check parameters
[1.233s] Level 1:colcon.colcon_core.package_discovery:discover_packages(ignore) check parameters
[1.233s] Level 1:colcon.colcon_core.package_discovery:discover_packages(path) check parameters
[1.233s] Level 1:colcon.colcon_core.package_discovery:discover_packages(colcon_meta) discover
[1.233s] Level 1:colcon.colcon_core.package_discovery:discover_packages(recursive) discover
[1.234s] INFO:colcon.colcon_core.package_discovery:Crawling recursively for packages in '/home/awshae/exam_ws'
[1.234s] Level 1:colcon.colcon_core.package_identification:_identify(.) by extensions ['ignore', 'ignore_ament_install']
[1.235s] Level 1:colcon.colcon_core.package_identification:_identify(.) by extension 'ignore'
[1.235s] Level 1:colcon.colcon_core.package_identification:_identify(.) by extension 'ignore_ament_install'
[1.236s] Level 1:colcon.colcon_core.package_identification:_identify(.) by extensions ['colcon_pkg']
[1.236s] Level 1:colcon.colcon_core.package_identification:_identify(.) by extension 'colcon_pkg'
[1.236s] Level 1:colcon.colcon_core.package_identification:_identify(.) by extensions ['colcon_meta']
[1.237s] Level 1:colcon.colcon_core.package_identification:_identify(.) by extension 'colcon_meta'
[1.237s] Level 1:colcon.colcon_core.package_identification:_identify(.) by extensions ['ros']
[1.237s] Level 1:colcon.colcon_core.package_identification:_identify(.) by extension 'ros'
[1.285s] Level 1:colcon.colcon_core.package_identification:_identify(.) by extensions ['cmake', 'python']
[1.285s] Level 1:colcon.colcon_core.package_identification:_identify(.) by extension 'cmake'
[1.286s] Level 1:colcon.colcon_core.package_identification:_identify(.) by extension 'python'
[1.286s] Level 1:colcon.colcon_core.package_identification:_identify(.) by extensions ['python_setup_py']
[1.286s] Level 1:colcon.colcon_core.package_identification:_identify(.) by extension 'python_setup_py'
[1.287s] Level 1:colcon.colcon_core.package_identification:_identify(build) by extensions ['ignore', 'ignore_ament_install']
[1.288s] Level 1:colcon.colcon_core.package_identification:_identify(build) by extension 'ignore'
[1.288s] Level 1:colcon.colcon_core.package_identification:_identify(build) ignored
[1.289s] Level 1:colcon.colcon_core.package_identification:_identify(install) by extensions ['ignore', 'ignore_ament_install']
[1.289s] Level 1:colcon.colcon_core.package_identification:_identify(install) by extension 'ignore'
[1.290s] Level 1:colcon.colcon_core.package_identification:_identify(install) ignored
[1.291s] Level 1:colcon.colcon_core.package_identification:_identify(log) by extensions ['ignore', 'ignore_ament_install']
[1.291s] Level 1:colcon.colcon_core.package_identification:_identify(log) by extension 'ignore'
[1.292s] Level 1:colcon.colcon_core.package_identification:_identify(log) ignored
[1.292s] Level 1:colcon.colcon_core.package_identification:_identify(src) by extensions ['ignore', 'ignore_ament_install']
[1.293s] Level 1:colcon.colcon_core.package_identification:_identify(src) by extension 'ignore'
[1.293s] Level 1:colcon.colcon_core.package_identification:_identify(src) by extension 'ignore_ament_install'
[1.293s] Level 1:colcon.colcon_core.package_identification:_identify(src) by extensions ['colcon_pkg']
[1.294s] Level 1:colcon.colcon_core.package_identification:_identify(src) by extension 'colcon_pkg'
[1.294s] Level 1:colcon.colcon_core.package_identification:_identify(src) by extensions ['colcon_meta']
[1.294s] Level 1:colcon.colcon_core.package_identification:_identify(src) by extension 'colcon_meta'
[1.295s] Level 1:colcon.colcon_core.package_identification:_identify(src) by extensions ['ros']
[1.295s] Level 1:colcon.colcon_core.package_identification:_identify(src) by extension 'ros'
[1.295s] Level 1:colcon.colcon_core.package_identification:_identify(src) by extensions ['cmake', 'python']
[1.296s] Level 1:colcon.colcon_core.package_identification:_identify(src) by extension 'cmake'
[1.296s] Level 1:colcon.colcon_core.package_identification:_identify(src) by extension 'python'
[1.296s] Level 1:colcon.colcon_core.package_identification:_identify(src) by extensions ['python_setup_py']
[1.296s] Level 1:colcon.colcon_core.package_identification:_identify(src) by extension 'python_setup_py'
[1.297s] Level 1:colcon.colcon_core.package_identification:_identify(src/exam_pkg) by extensions ['ignore', 'ignore_ament_install']
[1.298s] Level 1:colcon.colcon_core.package_identification:_identify(src/exam_pkg) by extension 'ignore'
[1.298s] Level 1:colcon.colcon_core.package_identification:_identify(src/exam_pkg) by extension 'ignore_ament_install'
[1.298s] Level 1:colcon.colcon_core.package_identification:_identify(src/exam_pkg) by extensions ['colcon_pkg']
[1.298s] Level 1:colcon.colcon_core.package_identification:_identify(src/exam_pkg) by extension 'colcon_pkg'
[1.299s] Level 1:colcon.colcon_core.package_identification:_identify(src/exam_pkg) by extensions ['colcon_meta']
[1.299s] Level 1:colcon.colcon_core.package_identification:_identify(src/exam_pkg) by extension 'colcon_meta'
[1.299s] Level 1:colcon.colcon_core.package_identification:_identify(src/exam_pkg) by extensions ['ros']
[1.299s] Level 1:colcon.colcon_core.package_identification:_identify(src/exam_pkg) by extension 'ros'
[1.310s] DEBUG:colcon.colcon_core.package_identification:Package 'src/exam_pkg' with type 'ros.ament_python' and name 'exam_pkg'
[1.310s] Level 1:colcon.colcon_core.package_discovery:discover_packages(recursive) using defaults
[1.310s] Level 1:colcon.colcon_core.package_discovery:discover_packages(ignore) discover
[1.310s] Level 1:colcon.colcon_core.package_discovery:discover_packages(ignore) using defaults
[1.310s] Level 1:colcon.colcon_core.package_discovery:discover_packages(path) discover
[1.311s] Level 1:colcon.colcon_core.package_discovery:discover_packages(path) using defaults
[1.398s] Level 1:colcon.colcon_core.package_discovery:discover_packages(prefix_path) check parameters
[1.398s] Level 1:colcon.colcon_core.package_discovery:discover_packages(prefix_path) discover
[1.405s] DEBUG:colcon.colcon_installed_package_information.package_discovery:Found 1 installed packages in /home/awshae/exam_ws/install
[1.407s] DEBUG:colcon.colcon_installed_package_information.package_discovery:Found 0 installed packages in /home/awshae/ash_ws/install
[1.412s] DEBUG:colcon.colcon_installed_package_information.package_discovery:Found 298 installed packages in /opt/ros/humble
[1.452s] Level 1:colcon.colcon_core.package_discovery:discover_packages(prefix_path) using defaults
[1.638s] Level 5:colcon.colcon_core.verb:set package 'exam_pkg' build argument 'cmake_args' from command line to 'None'
[1.638s] Level 5:colcon.colcon_core.verb:set package 'exam_pkg' build argument 'cmake_target' from command line to 'None'
[1.638s] Level 5:colcon.colcon_core.verb:set package 'exam_pkg' build argument 'cmake_target_skip_unavailable' from command line to 'False'
[1.638s] Level 5:colcon.colcon_core.verb:set package 'exam_pkg' build argument 'cmake_clean_cache' from command line to 'False'
[1.638s] Level 5:colcon.colcon_core.verb:set package 'exam_pkg' build argument 'cmake_clean_first' from command line to 'False'
[1.639s] Level 5:colcon.colcon_core.verb:set package 'exam_pkg' build argument 'cmake_force_configure' from command line to 'False'
[1.639s] Level 5:colcon.colcon_core.verb:set package 'exam_pkg' build argument 'ament_cmake_args' from command line to 'None'
[1.639s] Level 5:colcon.colcon_core.verb:set package 'exam_pkg' build argument 'catkin_cmake_args' from command line to 'None'
[1.639s] Level 5:colcon.colcon_core.verb:set package 'exam_pkg' build argument 'catkin_skip_building_tests' from command line to 'False'
[1.639s] DEBUG:colcon.colcon_core.verb:Building package 'exam_pkg' with the following arguments: {'ament_cmake_args': None, 'build_base': '/home/awshae/exam_ws/build/exam_pkg', 'catkin_cmake_args': None, 'catkin_skip_building_tests': False, 'cmake_args': None, 'cmake_clean_cache': False, 'cmake_clean_first': False, 'cmake_force_configure': False, 'cmake_target': None, 'cmake_target_skip_unavailable': False, 'install_base': '/home/awshae/exam_ws/install/exam_pkg', 'merge_install': False, 'path': '/home/awshae/exam_ws/src/exam_pkg', 'symlink_install': False, 'test_result_base': None}
[1.640s] INFO:colcon.colcon_core.executor:Executing jobs using 'parallel' executor
[1.643s] DEBUG:colcon.colcon_parallel_executor.executor.parallel:run_until_complete
[1.644s] INFO:colcon.colcon_ros.task.ament_python.build:Building ROS package in '/home/awshae/exam_ws/src/exam_pkg' with build type 'ament_python'
[1.645s] Level 1:colcon.colcon_core.shell:create_environment_hook('exam_pkg', 'ament_prefix_path')
[1.653s] INFO:colcon.colcon_core.plugin_system:Skipping extension 'colcon_core.shell.bat': Not used on non-Windows systems
[1.654s] INFO:colcon.colcon_core.shell:Creating environment hook '/home/awshae/exam_ws/install/exam_pkg/share/exam_pkg/hook/ament_prefix_path.ps1'
[1.658s] INFO:colcon.colcon_core.shell:Creating environment descriptor '/home/awshae/exam_ws/install/exam_pkg/share/exam_pkg/hook/ament_prefix_path.dsv'
[1.661s] INFO:colcon.colcon_core.shell:Creating environment hook '/home/awshae/exam_ws/install/exam_pkg/share/exam_pkg/hook/ament_prefix_path.sh'
[1.665s] INFO:colcon.colcon_core.shell:Skip shell extension 'powershell' for command environment: Not usable outside of PowerShell
[1.665s] DEBUG:colcon.colcon_core.shell:Skip shell extension 'dsv' for command environment
[2.832s] INFO:colcon.colcon_core.task.python.build:Building Python package in '/home/awshae/exam_ws/src/exam_pkg'
[2.833s] INFO:colcon.colcon_core.shell:Skip shell extension 'powershell' for command environment: Not usable outside of PowerShell
[2.833s] DEBUG:colcon.colcon_core.shell:Skip shell extension 'dsv' for command environment
[4.299s] DEBUG:colcon.colcon_core.event_handler.log_command:Invoking command in '/home/awshae/exam_ws/src/exam_pkg': PYTHONPATH=/home/awshae/exam_ws/build/exam_pkg/prefix_override:/usr/lib/python3/dist-packages/colcon_core/task/python/colcon_distutils_commands:/home/awshae/exam_ws/install/exam_pkg/lib/python3.10/site-packages:${PYTHONPATH} /usr/bin/python3 -W ignore:setup.py install is deprecated -W ignore:easy_install command is deprecated setup.py egg_info --egg-base ../../build/exam_pkg build --build-base /home/awshae/exam_ws/build/exam_pkg/build install --record /home/awshae/exam_ws/build/exam_pkg/install.log --single-version-externally-managed install_data
[5.610s] DEBUG:colcon.colcon_core.event_handler.log_command:Invoked command in '/home/awshae/exam_ws/src/exam_pkg' returned '0': PYTHONPATH=/home/awshae/exam_ws/build/exam_pkg/prefix_override:/usr/lib/python3/dist-packages/colcon_core/task/python/colcon_distutils_commands:/home/awshae/exam_ws/install/exam_pkg/lib/python3.10/site-packages:${PYTHONPATH} /usr/bin/python3 -W ignore:setup.py install is deprecated -W ignore:easy_install command is deprecated setup.py egg_info --egg-base ../../build/exam_pkg build --build-base /home/awshae/exam_ws/build/exam_pkg/build install --record /home/awshae/exam_ws/build/exam_pkg/install.log --single-version-externally-managed install_data
[5.620s] Level 1:colcon.colcon_core.environment:checking '/home/awshae/exam_ws/install/exam_pkg' for CMake module files
[5.622s] Level 1:colcon.colcon_core.environment:checking '/home/awshae/exam_ws/install/exam_pkg' for CMake config files
[5.625s] Level 1:colcon.colcon_core.environment:checking '/home/awshae/exam_ws/install/exam_pkg/lib'
[5.626s] Level 1:colcon.colcon_core.environment:checking '/home/awshae/exam_ws/install/exam_pkg/bin'
[5.626s] Level 1:colcon.colcon_core.environment:checking '/home/awshae/exam_ws/install/exam_pkg/lib/pkgconfig/exam_pkg.pc'
[5.628s] Level 1:colcon.colcon_core.environment:checking '/home/awshae/exam_ws/install/exam_pkg/lib/python3.10/site-packages'
[5.628s] Level 1:colcon.colcon_core.shell:create_environment_hook('exam_pkg', 'pythonpath')
[5.629s] INFO:colcon.colcon_core.shell:Creating environment hook '/home/awshae/exam_ws/install/exam_pkg/share/exam_pkg/hook/pythonpath.ps1'
[5.631s] INFO:colcon.colcon_core.shell:Creating environment descriptor '/home/awshae/exam_ws/install/exam_pkg/share/exam_pkg/hook/pythonpath.dsv'
[5.633s] INFO:colcon.colcon_core.shell:Creating environment hook '/home/awshae/exam_ws/install/exam_pkg/share/exam_pkg/hook/pythonpath.sh'
[5.637s] Level 1:colcon.colcon_core.environment:checking '/home/awshae/exam_ws/install/exam_pkg/bin'
[5.638s] Level 1:colcon.colcon_core.environment:create_environment_scripts_only(exam_pkg)
[5.640s] INFO:colcon.colcon_core.shell:Creating package script '/home/awshae/exam_ws/install/exam_pkg/share/exam_pkg/package.ps1'
[5.643s] INFO:colcon.colcon_core.shell:Creating package descriptor '/home/awshae/exam_ws/install/exam_pkg/share/exam_pkg/package.dsv'
[5.646s] INFO:colcon.colcon_core.shell:Creating package script '/home/awshae/exam_ws/install/exam_pkg/share/exam_pkg/package.sh'
[5.651s] INFO:colcon.colcon_core.shell:Creating package script '/home/awshae/exam_ws/install/exam_pkg/share/exam_pkg/package.bash'
[5.655s] INFO:colcon.colcon_core.shell:Creating package script '/home/awshae/exam_ws/install/exam_pkg/share/exam_pkg/package.zsh'
[5.659s] Level 1:colcon.colcon_core.environment:create_file_with_runtime_dependencies(/home/awshae/exam_ws/install/exam_pkg/share/colcon-core/packages/exam_pkg)
[5.660s] DEBUG:colcon.colcon_parallel_executor.executor.parallel:closing loop
[5.662s] DEBUG:colcon.colcon_parallel_executor.executor.parallel:loop closed
[5.662s] DEBUG:colcon.colcon_parallel_executor.executor.parallel:run_until_complete finished with '0'
[5.663s] DEBUG:colcon.colcon_core.event_reactor:joining thread
[5.682s] INFO:colcon.colcon_core.plugin_system:Skipping extension 'colcon_notification.desktop_notification.terminal_notifier': Not used on non-Darwin systems
[5.682s] INFO:colcon.colcon_core.plugin_system:Skipping extension 'colcon_notification.desktop_notification.win32': Not used on non-Windows systems
[5.682s] INFO:colcon.colcon_notification.desktop_notification:Sending desktop notification using 'notify2'
[5.731s] DEBUG:colcon.colcon_core.event_reactor:joined thread
[5.733s] INFO:colcon.colcon_core.shell:Creating prefix script '/home/awshae/exam_ws/install/local_setup.ps1'
[5.737s] INFO:colcon.colcon_core.shell:Creating prefix util module '/home/awshae/exam_ws/install/_local_setup_util_ps1.py'
[5.744s] INFO:colcon.colcon_core.shell:Creating prefix chain script '/home/awshae/exam_ws/install/setup.ps1'
[5.749s] INFO:colcon.colcon_core.shell:Creating prefix script '/home/awshae/exam_ws/install/local_setup.sh'
[5.753s] INFO:colcon.colcon_core.shell:Creating prefix util module '/home/awshae/exam_ws/install/_local_setup_util_sh.py'
[5.757s] INFO:colcon.colcon_core.shell:Creating prefix chain script '/home/awshae/exam_ws/install/setup.sh'
[5.764s] INFO:colcon.colcon_core.shell:Creating prefix script '/home/awshae/exam_ws/install/local_setup.bash'
[5.768s] INFO:colcon.colcon_core.shell:Creating prefix chain script '/home/awshae/exam_ws/install/setup.bash'
[5.776s] INFO:colcon.colcon_core.shell:Creating prefix script '/home/awshae/exam_ws/install/local_setup.zsh'
[5.779s] INFO:colcon.colcon_core.shell:Creating prefix chain script '/home/awshae/exam_ws/install/setup.zsh'
