[1.856s] DEBUG:colcon:Command line arguments: ['/usr/bin/colcon', 'build']
[1.857s] DEBUG:colcon:Parsed command line arguments: Namespace(log_base=None, log_level=None, verb_name='build', build_base='build', install_base='install', merge_install=False, symlink_install=False, test_result_base=None, continue_on_error=False, executor='parallel', parallel_workers=4, event_handlers=None, ignore_user_meta=False, metas=['./colcon.meta'], base_paths=['.'], packages_ignore=None, packages_ignore_regex=None, paths=None, packages_up_to=None, packages_up_to_regex=None, packages_above=None, packages_above_and_dependencies=None, packages_above_depth=None, packages_select_by_dep=None, packages_skip_by_dep=None, packages_skip_up_to=None, packages_select_build_failed=False, packages_skip_build_finished=False, packages_select_test_failures=False, packages_skip_test_passed=False, packages_select=None, packages_skip=None, packages_select_regex=None, packages_skip_regex=None, packages_start=None, packages_end=None, allow_overriding=[], cmake_args=None, cmake_target=None, cmake_target_skip_unavailable=False, cmake_clean_cache=False, cmake_clean_first=False, cmake_force_configure=False, ament_cmake_args=None, catkin_cmake_args=None, catkin_skip_building_tests=False, verb_parser=<colcon_defaults.argument_parser.defaults.DefaultArgumentsDecorator object at 0x763f343dbb50>, verb_extension=<colcon_core.verb.build.BuildVerb object at 0x763f343db670>, main=<bound method BuildVerb.main of <colcon_core.verb.build.BuildVerb object at 0x763f343db670>>)
[4.233s] Level 1:colcon.colcon_core.package_discovery:discover_packages(colcon_meta) check parameters
[4.234s] Level 1:colcon.colcon_core.package_discovery:discover_packages(recursive) check parameters
[4.234s] Level 1:colcon.colcon_core.package_discovery:discover_packages(ignore) check parameters
[4.235s] Level 1:colcon.colcon_core.package_discovery:discover_packages(path) check parameters
[4.235s] Level 1:colcon.colcon_core.package_discovery:discover_packages(colcon_meta) discover
[4.235s] Level 1:colcon.colcon_core.package_discovery:discover_packages(recursive) discover
[4.236s] INFO:colcon.colcon_core.package_discovery:Crawling recursively for packages in '/home/awshae/exam_ws'
[4.236s] Level 1:colcon.colcon_core.package_identification:_identify(.) by extensions ['ignore', 'ignore_ament_install']
[4.237s] Level 1:colcon.colcon_core.package_identification:_identify(.) by extension 'ignore'
[4.238s] Level 1:colcon.colcon_core.package_identification:_identify(.) by extension 'ignore_ament_install'
[4.238s] Level 1:colcon.colcon_core.package_identification:_identify(.) by extensions ['colcon_pkg']
[4.238s] Level 1:colcon.colcon_core.package_identification:_identify(.) by extension 'colcon_pkg'
[4.240s] Level 1:colcon.colcon_core.package_identification:_identify(.) by extensions ['colcon_meta']
[4.240s] Level 1:colcon.colcon_core.package_identification:_identify(.) by extension 'colcon_meta'
[4.240s] Level 1:colcon.colcon_core.package_identification:_identify(.) by extensions ['ros']
[4.241s] Level 1:colcon.colcon_core.package_identification:_identify(.) by extension 'ros'
[4.356s] Level 1:colcon.colcon_core.package_identification:_identify(.) by extensions ['cmake', 'python']
[4.356s] Level 1:colcon.colcon_core.package_identification:_identify(.) by extension 'cmake'
[4.357s] Level 1:colcon.colcon_core.package_identification:_identify(.) by extension 'python'
[4.357s] Level 1:colcon.colcon_core.package_identification:_identify(.) by extensions ['python_setup_py']
[4.357s] Level 1:colcon.colcon_core.package_identification:_identify(.) by extension 'python_setup_py'
[4.358s] Level 1:colcon.colcon_core.package_identification:_identify(build) by extensions ['ignore', 'ignore_ament_install']
[4.359s] Level 1:colcon.colcon_core.package_identification:_identify(build) by extension 'ignore'
[4.360s] Level 1:colcon.colcon_core.package_identification:_identify(build) ignored
[4.360s] Level 1:colcon.colcon_core.package_identification:_identify(install) by extensions ['ignore', 'ignore_ament_install']
[4.361s] Level 1:colcon.colcon_core.package_identification:_identify(install) by extension 'ignore'
[4.362s] Level 1:colcon.colcon_core.package_identification:_identify(install) ignored
[4.362s] Level 1:colcon.colcon_core.package_identification:_identify(log) by extensions ['ignore', 'ignore_ament_install']
[4.363s] Level 1:colcon.colcon_core.package_identification:_identify(log) by extension 'ignore'
[4.363s] Level 1:colcon.colcon_core.package_identification:_identify(log) ignored
[4.364s] Level 1:colcon.colcon_core.package_identification:_identify(src) by extensions ['ignore', 'ignore_ament_install']
[4.365s] Level 1:colcon.colcon_core.package_identification:_identify(src) by extension 'ignore'
[4.365s] Level 1:colcon.colcon_core.package_identification:_identify(src) by extension 'ignore_ament_install'
[4.366s] Level 1:colcon.colcon_core.package_identification:_identify(src) by extensions ['colcon_pkg']
[4.366s] Level 1:colcon.colcon_core.package_identification:_identify(src) by extension 'colcon_pkg'
[4.366s] Level 1:colcon.colcon_core.package_identification:_identify(src) by extensions ['colcon_meta']
[4.367s] Level 1:colcon.colcon_core.package_identification:_identify(src) by extension 'colcon_meta'
[4.367s] Level 1:colcon.colcon_core.package_identification:_identify(src) by extensions ['ros']
[4.367s] Level 1:colcon.colcon_core.package_identification:_identify(src) by extension 'ros'
[4.368s] Level 1:colcon.colcon_core.package_identification:_identify(src) by extensions ['cmake', 'python']
[4.368s] Level 1:colcon.colcon_core.package_identification:_identify(src) by extension 'cmake'
[4.369s] Level 1:colcon.colcon_core.package_identification:_identify(src) by extension 'python'
[4.369s] Level 1:colcon.colcon_core.package_identification:_identify(src) by extensions ['python_setup_py']
[4.369s] Level 1:colcon.colcon_core.package_identification:_identify(src) by extension 'python_setup_py'
[4.371s] Level 1:colcon.colcon_core.package_identification:_identify(src/exam_pkg) by extensions ['ignore', 'ignore_ament_install']
[4.371s] Level 1:colcon.colcon_core.package_identification:_identify(src/exam_pkg) by extension 'ignore'
[4.372s] Level 1:colcon.colcon_core.package_identification:_identify(src/exam_pkg) by extension 'ignore_ament_install'
[4.372s] Level 1:colcon.colcon_core.package_identification:_identify(src/exam_pkg) by extensions ['colcon_pkg']
[4.385s] Level 1:colcon.colcon_core.package_identification:_identify(src/exam_pkg) by extension 'colcon_pkg'
[4.386s] Level 1:colcon.colcon_core.package_identification:_identify(src/exam_pkg) by extensions ['colcon_meta']
[4.386s] Level 1:colcon.colcon_core.package_identification:_identify(src/exam_pkg) by extension 'colcon_meta'
[4.387s] Level 1:colcon.colcon_core.package_identification:_identify(src/exam_pkg) by extensions ['ros']
[4.387s] Level 1:colcon.colcon_core.package_identification:_identify(src/exam_pkg) by extension 'ros'
[4.408s] DEBUG:colcon.colcon_core.package_identification:Package 'src/exam_pkg' with type 'ros.ament_python' and name 'exam_pkg'
[4.408s] Level 1:colcon.colcon_core.package_discovery:discover_packages(recursive) using defaults
[4.409s] Level 1:colcon.colcon_core.package_discovery:discover_packages(ignore) discover
[4.409s] Level 1:colcon.colcon_core.package_discovery:discover_packages(ignore) using defaults
[4.409s] Level 1:colcon.colcon_core.package_discovery:discover_packages(path) discover
[4.409s] Level 1:colcon.colcon_core.package_discovery:discover_packages(path) using defaults
[4.661s] Level 1:colcon.colcon_core.package_discovery:discover_packages(prefix_path) check parameters
[4.665s] Level 1:colcon.colcon_core.package_discovery:discover_packages(prefix_path) discover
[4.695s] DEBUG:colcon.colcon_installed_package_information.package_discovery:Found 0 installed packages in /home/awshae/ash_ws/install
[4.713s] DEBUG:colcon.colcon_installed_package_information.package_discovery:Found 298 installed packages in /opt/ros/humble
[4.789s] Level 1:colcon.colcon_core.package_discovery:discover_packages(prefix_path) using defaults
[5.267s] Level 5:colcon.colcon_core.verb:set package 'exam_pkg' build argument 'cmake_args' from command line to 'None'
[5.268s] Level 5:colcon.colcon_core.verb:set package 'exam_pkg' build argument 'cmake_target' from command line to 'None'
[5.268s] Level 5:colcon.colcon_core.verb:set package 'exam_pkg' build argument 'cmake_target_skip_unavailable' from command line to 'False'
[5.268s] Level 5:colcon.colcon_core.verb:set package 'exam_pkg' build argument 'cmake_clean_cache' from command line to 'False'
[5.269s] Level 5:colcon.colcon_core.verb:set package 'exam_pkg' build argument 'cmake_clean_first' from command line to 'False'
[5.269s] Level 5:colcon.colcon_core.verb:set package 'exam_pkg' build argument 'cmake_force_configure' from command line to 'False'
[5.269s] Level 5:colcon.colcon_core.verb:set package 'exam_pkg' build argument 'ament_cmake_args' from command line to 'None'
[5.269s] Level 5:colcon.colcon_core.verb:set package 'exam_pkg' build argument 'catkin_cmake_args' from command line to 'None'
[5.269s] Level 5:colcon.colcon_core.verb:set package 'exam_pkg' build argument 'catkin_skip_building_tests' from command line to 'False'
[5.270s] DEBUG:colcon.colcon_core.verb:Building package 'exam_pkg' with the following arguments: {'ament_cmake_args': None, 'build_base': '/home/awshae/exam_ws/build/exam_pkg', 'catkin_cmake_args': None, 'catkin_skip_building_tests': False, 'cmake_args': None, 'cmake_clean_cache': False, 'cmake_clean_first': False, 'cmake_force_configure': False, 'cmake_target': None, 'cmake_target_skip_unavailable': False, 'install_base': '/home/awshae/exam_ws/install/exam_pkg', 'merge_install': False, 'path': '/home/awshae/exam_ws/src/exam_pkg', 'symlink_install': False, 'test_result_base': None}
[5.271s] INFO:colcon.colcon_core.executor:Executing jobs using 'parallel' executor
[5.276s] DEBUG:colcon.colcon_parallel_executor.executor.parallel:run_until_complete
[5.278s] INFO:colcon.colcon_ros.task.ament_python.build:Building ROS package in '/home/awshae/exam_ws/src/exam_pkg' with build type 'ament_python'
[5.280s] Level 1:colcon.colcon_core.shell:create_environment_hook('exam_pkg', 'ament_prefix_path')
[5.312s] INFO:colcon.colcon_core.plugin_system:Skipping extension 'colcon_core.shell.bat': Not used on non-Windows systems
[5.314s] INFO:colcon.colcon_core.shell:Creating environment hook '/home/awshae/exam_ws/install/exam_pkg/share/exam_pkg/hook/ament_prefix_path.ps1'
[5.322s] INFO:colcon.colcon_core.shell:Creating environment descriptor '/home/awshae/exam_ws/install/exam_pkg/share/exam_pkg/hook/ament_prefix_path.dsv'
[5.328s] INFO:colcon.colcon_core.shell:Creating environment hook '/home/awshae/exam_ws/install/exam_pkg/share/exam_pkg/hook/ament_prefix_path.sh'
[5.339s] INFO:colcon.colcon_core.shell:Skip shell extension 'powershell' for command environment: Not usable outside of PowerShell
[5.339s] DEBUG:colcon.colcon_core.shell:Skip shell extension 'dsv' for command environment
[8.114s] INFO:colcon.colcon_core.task.python.build:Building Python package in '/home/awshae/exam_ws/src/exam_pkg'
[8.117s] INFO:colcon.colcon_core.shell:Skip shell extension 'powershell' for command environment: Not usable outside of PowerShell
[8.118s] DEBUG:colcon.colcon_core.shell:Skip shell extension 'dsv' for command environment
[11.734s] DEBUG:colcon.colcon_core.event_handler.log_command:Invoking command in '/home/awshae/exam_ws/src/exam_pkg': PYTHONPATH=/home/awshae/exam_ws/build/exam_pkg/prefix_override:/usr/lib/python3/dist-packages/colcon_core/task/python/colcon_distutils_commands:/home/awshae/exam_ws/install/exam_pkg/lib/python3.10/site-packages:${PYTHONPATH} /usr/bin/python3 -W ignore:setup.py install is deprecated -W ignore:easy_install command is deprecated setup.py egg_info --egg-base ../../build/exam_pkg build --build-base /home/awshae/exam_ws/build/exam_pkg/build install --record /home/awshae/exam_ws/build/exam_pkg/install.log --single-version-externally-managed install_data
[15.147s] DEBUG:colcon.colcon_core.event_handler.log_command:Invoked command in '/home/awshae/exam_ws/src/exam_pkg' returned '0': PYTHONPATH=/home/awshae/exam_ws/build/exam_pkg/prefix_override:/usr/lib/python3/dist-packages/colcon_core/task/python/colcon_distutils_commands:/home/awshae/exam_ws/install/exam_pkg/lib/python3.10/site-packages:${PYTHONPATH} /usr/bin/python3 -W ignore:setup.py install is deprecated -W ignore:easy_install command is deprecated setup.py egg_info --egg-base ../../build/exam_pkg build --build-base /home/awshae/exam_ws/build/exam_pkg/build install --record /home/awshae/exam_ws/build/exam_pkg/install.log --single-version-externally-managed install_data
[15.180s] Level 1:colcon.colcon_core.environment:checking '/home/awshae/exam_ws/install/exam_pkg' for CMake module files
[15.187s] Level 1:colcon.colcon_core.environment:checking '/home/awshae/exam_ws/install/exam_pkg' for CMake config files
[15.194s] Level 1:colcon.colcon_core.environment:checking '/home/awshae/exam_ws/install/exam_pkg/lib'
[15.199s] Level 1:colcon.colcon_core.environment:checking '/home/awshae/exam_ws/install/exam_pkg/bin'
[15.200s] Level 1:colcon.colcon_core.environment:checking '/home/awshae/exam_ws/install/exam_pkg/lib/pkgconfig/exam_pkg.pc'
[15.203s] Level 1:colcon.colcon_core.environment:checking '/home/awshae/exam_ws/install/exam_pkg/lib/python3.10/site-packages'
[15.204s] Level 1:colcon.colcon_core.shell:create_environment_hook('exam_pkg', 'pythonpath')
[15.209s] INFO:colcon.colcon_core.shell:Creating environment hook '/home/awshae/exam_ws/install/exam_pkg/share/exam_pkg/hook/pythonpath.ps1'
[15.213s] INFO:colcon.colcon_core.shell:Creating environment descriptor '/home/awshae/exam_ws/install/exam_pkg/share/exam_pkg/hook/pythonpath.dsv'
[15.215s] INFO:colcon.colcon_core.shell:Creating environment hook '/home/awshae/exam_ws/install/exam_pkg/share/exam_pkg/hook/pythonpath.sh'
[15.224s] Level 1:colcon.colcon_core.environment:checking '/home/awshae/exam_ws/install/exam_pkg/bin'
[15.224s] Level 1:colcon.colcon_core.environment:create_environment_scripts_only(exam_pkg)
[15.229s] INFO:colcon.colcon_core.shell:Creating package script '/home/awshae/exam_ws/install/exam_pkg/share/exam_pkg/package.ps1'
[15.240s] INFO:colcon.colcon_core.shell:Creating package descriptor '/home/awshae/exam_ws/install/exam_pkg/share/exam_pkg/package.dsv'
[15.248s] INFO:colcon.colcon_core.shell:Creating package script '/home/awshae/exam_ws/install/exam_pkg/share/exam_pkg/package.sh'
[15.254s] INFO:colcon.colcon_core.shell:Creating package script '/home/awshae/exam_ws/install/exam_pkg/share/exam_pkg/package.bash'
[15.270s] INFO:colcon.colcon_core.shell:Creating package script '/home/awshae/exam_ws/install/exam_pkg/share/exam_pkg/package.zsh'
[15.284s] Level 1:colcon.colcon_core.environment:create_file_with_runtime_dependencies(/home/awshae/exam_ws/install/exam_pkg/share/colcon-core/packages/exam_pkg)
[15.289s] DEBUG:colcon.colcon_parallel_executor.executor.parallel:closing loop
[15.293s] DEBUG:colcon.colcon_parallel_executor.executor.parallel:loop closed
[15.294s] DEBUG:colcon.colcon_parallel_executor.executor.parallel:run_until_complete finished with '0'
[15.294s] DEBUG:colcon.colcon_core.event_reactor:joining thread
[15.402s] INFO:colcon.colcon_core.plugin_system:Skipping extension 'colcon_notification.desktop_notification.terminal_notifier': Not used on non-Darwin systems
[15.405s] INFO:colcon.colcon_core.plugin_system:Skipping extension 'colcon_notification.desktop_notification.win32': Not used on non-Windows systems
[15.406s] INFO:colcon.colcon_notification.desktop_notification:Sending desktop notification using 'notify2'
[15.624s] DEBUG:colcon.colcon_core.event_reactor:joined thread
[15.626s] INFO:colcon.colcon_core.shell:Creating prefix script '/home/awshae/exam_ws/install/local_setup.ps1'
[15.646s] INFO:colcon.colcon_core.shell:Creating prefix util module '/home/awshae/exam_ws/install/_local_setup_util_ps1.py'
[15.667s] INFO:colcon.colcon_core.shell:Creating prefix chain script '/home/awshae/exam_ws/install/setup.ps1'
[15.685s] INFO:colcon.colcon_core.shell:Creating prefix script '/home/awshae/exam_ws/install/local_setup.sh'
[15.700s] INFO:colcon.colcon_core.shell:Creating prefix util module '/home/awshae/exam_ws/install/_local_setup_util_sh.py'
[15.711s] INFO:colcon.colcon_core.shell:Creating prefix chain script '/home/awshae/exam_ws/install/setup.sh'
[15.725s] INFO:colcon.colcon_core.shell:Creating prefix script '/home/awshae/exam_ws/install/local_setup.bash'
[15.737s] INFO:colcon.colcon_core.shell:Creating prefix chain script '/home/awshae/exam_ws/install/setup.bash'
[15.750s] INFO:colcon.colcon_core.shell:Creating prefix script '/home/awshae/exam_ws/install/local_setup.zsh'
[15.764s] INFO:colcon.colcon_core.shell:Creating prefix chain script '/home/awshae/exam_ws/install/setup.zsh'
